<?xml version="1.0" encoding="UTF-8"?>
<coverage generated="1765461288256" clover="3.2.0">
  <project timestamp="1765461288256" name="All files">
    <metrics statements="399" coveredstatements="374" conditionals="95" coveredconditionals="80" methods="50" coveredmethods="49" elements="544" coveredelements="503" complexity="0" loc="399" ncloc="399" packages="7" files="15" classes="15"/>
    <package name="src.commands">
      <metrics statements="160" coveredstatements="144" conditionals="43" coveredconditionals="33" methods="13" coveredmethods="13"/>
      <file name="edit.ts" path="C:\Users\Dell\Desktop\KPI-COURSEWORK\ProgressionForge-CLI\src\commands\edit.ts">
        <metrics statements="77" coveredstatements="70" conditionals="20" coveredconditionals="18" methods="7" coveredmethods="7"/>
        <line num="1" count="1" type="stmt"/>
        <line num="2" count="1" type="stmt"/>
        <line num="4" count="1" type="stmt"/>
        <line num="5" count="1" type="stmt"/>
        <line num="12" count="1" type="stmt"/>
        <line num="15" count="1" type="stmt"/>
        <line num="16" count="1" type="stmt"/>
        <line num="18" count="1" type="stmt"/>
        <line num="19" count="3" type="stmt"/>
        <line num="34" count="3" type="cond" truecount="3" falsecount="2"/>
        <line num="36" count="0" type="stmt"/>
        <line num="45" count="0" type="stmt"/>
        <line num="46" count="0" type="stmt"/>
        <line num="49" count="0" type="stmt"/>
        <line num="58" count="0" type="stmt"/>
        <line num="59" count="0" type="stmt"/>
        <line num="62" count="1" type="stmt"/>
        <line num="78" count="1" type="stmt"/>
        <line num="79" count="1" type="stmt"/>
        <line num="80" count="1" type="stmt"/>
        <line num="83" count="1" type="stmt"/>
        <line num="93" count="1" type="stmt"/>
        <line num="94" count="1" type="stmt"/>
        <line num="97" count="1" type="stmt"/>
        <line num="98" count="1" type="stmt"/>
        <line num="103" count="1" type="stmt"/>
        <line num="106" count="1" type="stmt"/>
        <line num="107" count="3" type="stmt"/>
        <line num="109" count="3" type="stmt"/>
        <line num="110" count="6" type="stmt"/>
        <line num="113" count="12" type="stmt"/>
        <line num="115" count="12" type="stmt"/>
        <line num="120" count="6" type="stmt"/>
        <line num="130" count="6" type="cond" truecount="2" falsecount="0"/>
        <line num="131" count="1" type="stmt"/>
        <line num="132" count="1" type="stmt"/>
        <line num="133" count="1" type="stmt"/>
        <line num="134" count="5" type="cond" truecount="2" falsecount="0"/>
        <line num="135" count="3" type="stmt"/>
        <line num="136" count="2" type="cond" truecount="2" falsecount="0"/>
        <line num="137" count="1" type="stmt"/>
        <line num="138" count="1" type="stmt"/>
        <line num="139" count="1" type="cond" truecount="1" falsecount="0"/>
        <line num="140" count="1" type="stmt"/>
        <line num="144" count="1" type="cond" truecount="1" falsecount="0"/>
        <line num="145" count="1" type="stmt"/>
        <line num="146" count="1" type="stmt"/>
        <line num="155" count="1" type="cond" truecount="1" falsecount="0"/>
        <line num="156" count="2" type="stmt"/>
        <line num="157" count="1" type="stmt"/>
        <line num="163" count="1" type="stmt"/>
        <line num="164" count="6" type="stmt"/>
        <line num="165" count="6" type="cond" truecount="1" falsecount="0"/>
        <line num="166" count="1" type="stmt"/>
        <line num="167" count="1" type="stmt"/>
        <line num="170" count="5" type="stmt"/>
        <line num="171" count="5" type="stmt"/>
        <line num="173" count="5" type="stmt"/>
        <line num="175" count="5" type="stmt"/>
        <line num="176" count="10" type="stmt"/>
        <line num="190" count="10" type="cond" truecount="4" falsecount="0"/>
        <line num="192" count="2" type="stmt"/>
        <line num="209" count="2" type="stmt"/>
        <line num="210" count="2" type="stmt"/>
        <line num="211" count="2" type="stmt"/>
        <line num="212" count="2" type="stmt"/>
        <line num="216" count="3" type="stmt"/>
        <line num="217" count="3" type="stmt"/>
        <line num="221" count="4" type="stmt"/>
        <line num="222" count="4" type="stmt"/>
        <line num="223" count="4" type="stmt"/>
        <line num="224" count="4" type="stmt"/>
        <line num="228" count="1" type="stmt"/>
        <line num="236" count="1" type="cond" truecount="1" falsecount="0"/>
        <line num="237" count="1" type="stmt"/>
        <line num="239" count="1" type="stmt"/>
        <line num="244" count="0" type="stmt"/>
      </file>
      <file name="new.ts" path="C:\Users\Dell\Desktop\KPI-COURSEWORK\ProgressionForge-CLI\src\commands\new.ts">
        <metrics statements="83" coveredstatements="74" conditionals="23" coveredconditionals="15" methods="6" coveredmethods="6"/>
        <line num="1" count="2" type="stmt"/>
        <line num="2" count="2" type="stmt"/>
        <line num="4" count="2" type="stmt"/>
        <line num="14" count="2" type="stmt"/>
        <line num="16" count="2" type="stmt"/>
        <line num="24" count="2" type="stmt"/>
        <line num="25" count="2" type="stmt"/>
        <line num="37" count="2" type="cond" truecount="1" falsecount="0"/>
        <line num="38" count="1" type="stmt"/>
        <line num="53" count="1" type="stmt"/>
        <line num="56" count="1" type="stmt"/>
        <line num="77" count="1" type="stmt"/>
        <line num="78" count="1" type="cond" truecount="1" falsecount="0"/>
        <line num="79" count="1" type="cond" truecount="1" falsecount="0"/>
        <line num="81" count="1" type="stmt"/>
        <line num="84" count="2" type="stmt"/>
        <line num="85" count="1" type="stmt"/>
        <line num="86" count="1" type="stmt"/>
        <line num="87" count="1" type="stmt"/>
        <line num="88" count="2" type="stmt"/>
        <line num="89" count="2" type="stmt"/>
        <line num="90" count="2" type="stmt"/>
        <line num="98" count="2" type="stmt"/>
        <line num="100" count="1" type="stmt"/>
        <line num="103" count="2" type="stmt"/>
        <line num="106" count="4" type="cond" truecount="1" falsecount="0"/>
        <line num="107" count="2" type="stmt"/>
        <line num="118" count="2" type="cond" truecount="1" falsecount="0"/>
        <line num="119" count="1" type="stmt"/>
        <line num="138" count="1" type="cond" truecount="1" falsecount="0"/>
        <line num="139" count="1" type="stmt"/>
        <line num="165" count="0" type="cond" truecount="0" falsecount="1"/>
        <line num="166" count="0" type="stmt"/>
        <line num="192" count="0" type="stmt"/>
        <line num="195" count="2" type="stmt"/>
        <line num="199" count="4" type="cond" truecount="2" falsecount="0"/>
        <line num="200" count="3" type="stmt"/>
        <line num="214" count="3" type="cond" truecount="1" falsecount="0"/>
        <line num="215" count="1" type="stmt"/>
        <line num="218" count="2" type="cond" truecount="1" falsecount="0"/>
        <line num="219" count="2" type="stmt"/>
        <line num="222" count="1" type="stmt"/>
        <line num="239" count="1" type="stmt"/>
        <line num="253" count="1" type="cond" truecount="0" falsecount="1"/>
        <line num="254" count="0" type="stmt"/>
        <line num="257" count="1" type="cond" truecount="1" falsecount="0"/>
        <line num="258" count="1" type="cond" truecount="1" falsecount="1"/>
        <line num="259" count="1" type="stmt"/>
        <line num="261" count="0" type="stmt"/>
        <line num="265" count="0" type="stmt"/>
        <line num="268" count="2" type="stmt"/>
        <line num="271" count="4" type="stmt"/>
        <line num="307" count="4" type="cond" truecount="2" falsecount="0"/>
        <line num="308" count="3" type="stmt"/>
        <line num="318" count="3" type="stmt"/>
        <line num="319" count="3" type="stmt"/>
        <line num="321" count="1" type="stmt"/>
        <line num="331" count="1" type="stmt"/>
        <line num="332" count="1" type="stmt"/>
        <line num="335" count="4" type="stmt"/>
        <line num="339" count="4" type="stmt"/>
        <line num="344" count="4" type="stmt"/>
        <line num="346" count="4" type="stmt"/>
        <line num="358" count="2" type="stmt"/>
        <line num="359" count="4" type="stmt"/>
        <line num="360" count="4" type="cond" truecount="1" falsecount="0"/>
        <line num="361" count="1" type="stmt"/>
        <line num="362" count="1" type="stmt"/>
        <line num="365" count="3" type="stmt"/>
        <line num="381" count="3" type="stmt"/>
        <line num="382" count="3" type="stmt"/>
        <line num="384" count="3" type="stmt"/>
        <line num="385" count="4" type="stmt"/>
        <line num="388" count="4" type="stmt"/>
        <line num="390" count="4" type="stmt"/>
        <line num="398" count="4" type="stmt"/>
        <line num="401" count="3" type="stmt"/>
        <line num="408" count="3" type="stmt"/>
        <line num="410" count="3" type="stmt"/>
        <line num="411" count="3" type="stmt"/>
        <line num="415" count="0" type="cond" truecount="0" falsecount="5"/>
        <line num="416" count="0" type="stmt"/>
        <line num="418" count="0" type="stmt"/>
      </file>
    </package>
    <package name="src.core">
      <metrics statements="36" coveredstatements="36" conditionals="2" coveredconditionals="2" methods="4" coveredmethods="4"/>
      <file name="planGenerator.ts" path="C:\Users\Dell\Desktop\KPI-COURSEWORK\ProgressionForge-CLI\src\core\planGenerator.ts">
        <metrics statements="18" coveredstatements="18" conditionals="2" coveredconditionals="2" methods="1" coveredmethods="1"/>
        <line num="8" count="2" type="stmt"/>
        <line num="9" count="2" type="stmt"/>
        <line num="11" count="2" type="stmt"/>
        <line num="12" count="1105" type="stmt"/>
        <line num="18" count="1105" type="stmt"/>
        <line num="19" count="13738" type="stmt"/>
        <line num="21" count="13738" type="stmt"/>
        <line num="23" count="42898" type="cond" truecount="2" falsecount="0"/>
        <line num="27" count="42898" type="stmt"/>
        <line num="29" count="42898" type="stmt"/>
        <line num="36" count="42898" type="stmt"/>
        <line num="38" count="42898" type="stmt"/>
        <line num="40" count="42898" type="stmt"/>
        <line num="42" count="42898" type="stmt"/>
        <line num="48" count="42898" type="stmt"/>
        <line num="55" count="42898" type="stmt"/>
        <line num="58" count="13738" type="stmt"/>
        <line num="64" count="1105" type="stmt"/>
      </file>
      <file name="warmupGenerator.ts" path="C:\Users\Dell\Desktop\KPI-COURSEWORK\ProgressionForge-CLI\src\core\warmupGenerator.ts">
        <metrics statements="18" coveredstatements="18" conditionals="0" coveredconditionals="0" methods="3" coveredmethods="3"/>
        <line num="2" count="3" type="stmt"/>
        <line num="4" count="3" type="stmt"/>
        <line num="5" count="7" type="stmt"/>
        <line num="6" count="7" type="stmt"/>
        <line num="7" count="7" type="stmt"/>
        <line num="8" count="7" type="stmt"/>
        <line num="9" count="7" type="stmt"/>
        <line num="10" count="7" type="stmt"/>
        <line num="11" count="21" type="stmt"/>
        <line num="15" count="21" type="stmt"/>
        <line num="16" count="21" type="stmt"/>
        <line num="18" count="7" type="stmt"/>
        <line num="21" count="3" type="stmt"/>
        <line num="22" count="4" type="stmt"/>
        <line num="36" count="3" type="stmt"/>
        <line num="37" count="3" type="stmt"/>
        <line num="51" count="3" type="stmt"/>
        <line num="54" count="3" type="stmt"/>
      </file>
    </package>
    <package name="src.models">
      <metrics statements="6" coveredstatements="6" conditionals="0" coveredconditionals="0" methods="0" coveredmethods="0"/>
      <file name="schema.ts" path="C:\Users\Dell\Desktop\KPI-COURSEWORK\ProgressionForge-CLI\src\models\schema.ts">
        <metrics statements="6" coveredstatements="6" conditionals="0" coveredconditionals="0" methods="0" coveredmethods="0"/>
        <line num="1" count="4" type="stmt"/>
        <line num="2" count="4" type="stmt"/>
        <line num="4" count="4" type="stmt"/>
        <line num="6" count="4" type="stmt"/>
        <line num="19" count="4" type="stmt"/>
        <line num="30" count="4" type="stmt"/>
      </file>
    </package>
    <package name="src.progressions">
      <metrics statements="67" coveredstatements="67" conditionals="9" coveredconditionals="9" methods="4" coveredmethods="4"/>
      <file name="block.ts" path="C:\Users\Dell\Desktop\KPI-COURSEWORK\ProgressionForge-CLI\src\progressions\block.ts">
        <metrics statements="23" coveredstatements="23" conditionals="7" coveredconditionals="7" methods="1" coveredmethods="1"/>
        <line num="1" count="9" type="stmt"/>
        <line num="15" count="9" type="stmt"/>
        <line num="16" count="13781" type="stmt"/>
        <line num="18" count="13781" type="stmt"/>
        <line num="19" count="13781" type="stmt"/>
        <line num="20" count="13781" type="stmt"/>
        <line num="21" count="13781" type="stmt"/>
        <line num="22" count="13781" type="stmt"/>
        <line num="23" count="13781" type="stmt"/>
        <line num="24" count="13781" type="stmt"/>
        <line num="25" count="13781" type="stmt"/>
        <line num="26" count="429852" type="stmt"/>
        <line num="27" count="429852" type="cond" truecount="4" falsecount="0"/>
        <line num="28" count="47171" type="stmt"/>
        <line num="29" count="47171" type="stmt"/>
        <line num="30" count="382681" type="cond" truecount="1" falsecount="0"/>
        <line num="31" count="46622" type="stmt"/>
        <line num="32" count="46622" type="stmt"/>
        <line num="35" count="429852" type="cond" truecount="2" falsecount="0"/>
        <line num="36" count="188483" type="stmt"/>
        <line num="38" count="241369" type="stmt"/>
        <line num="40" count="429852" type="stmt"/>
        <line num="42" count="13781" type="stmt"/>
      </file>
      <file name="index.ts" path="C:\Users\Dell\Desktop\KPI-COURSEWORK\ProgressionForge-CLI\src\progressions\index.ts">
        <metrics statements="6" coveredstatements="6" conditionals="0" coveredconditionals="0" methods="0" coveredmethods="0"/>
        <line num="1" count="8" type="stmt"/>
        <line num="2" count="8" type="stmt"/>
        <line num="3" count="8" type="stmt"/>
        <line num="4" count="8" type="stmt"/>
        <line num="27" count="8" type="stmt"/>
        <line num="40" count="8" type="stmt"/>
      </file>
      <file name="linear.ts" path="C:\Users\Dell\Desktop\KPI-COURSEWORK\ProgressionForge-CLI\src\progressions\linear.ts">
        <metrics statements="10" coveredstatements="10" conditionals="0" coveredconditionals="0" methods="1" coveredmethods="1"/>
        <line num="1" count="9" type="stmt"/>
        <line num="2" count="15034" type="stmt"/>
        <line num="3" count="15034" type="stmt"/>
        <line num="4" count="15034" type="stmt"/>
        <line num="5" count="15034" type="stmt"/>
        <line num="6" count="15034" type="stmt"/>
        <line num="7" count="15034" type="stmt"/>
        <line num="8" count="445792" type="stmt"/>
        <line num="9" count="445792" type="stmt"/>
        <line num="11" count="15034" type="stmt"/>
      </file>
      <file name="percentage.ts" path="C:\Users\Dell\Desktop\KPI-COURSEWORK\ProgressionForge-CLI\src\progressions\percentage.ts">
        <metrics statements="11" coveredstatements="11" conditionals="0" coveredconditionals="0" methods="1" coveredmethods="1"/>
        <line num="1" count="9" type="stmt"/>
        <line num="14" count="9" type="stmt"/>
        <line num="15" count="631" type="stmt"/>
        <line num="16" count="631" type="stmt"/>
        <line num="18" count="631" type="stmt"/>
        <line num="20" count="631" type="stmt"/>
        <line num="21" count="271450" type="stmt"/>
        <line num="22" count="271450" type="stmt"/>
        <line num="23" count="271450" type="stmt"/>
        <line num="24" count="271450" type="stmt"/>
        <line num="27" count="631" type="stmt"/>
      </file>
      <file name="wave.ts" path="C:\Users\Dell\Desktop\KPI-COURSEWORK\ProgressionForge-CLI\src\progressions\wave.ts">
        <metrics statements="17" coveredstatements="17" conditionals="2" coveredconditionals="2" methods="1" coveredmethods="1"/>
        <line num="1" count="9" type="stmt"/>
        <line num="15" count="9" type="stmt"/>
        <line num="16" count="13834" type="stmt"/>
        <line num="17" count="13834" type="stmt"/>
        <line num="18" count="13834" type="stmt"/>
        <line num="19" count="13834" type="stmt"/>
        <line num="20" count="13834" type="stmt"/>
        <line num="21" count="13834" type="stmt"/>
        <line num="22" count="13834" type="stmt"/>
        <line num="23" count="13834" type="stmt"/>
        <line num="24" count="430924" type="stmt"/>
        <line num="25" count="430924" type="cond" truecount="2" falsecount="0"/>
        <line num="26" count="323109" type="stmt"/>
        <line num="27" count="323109" type="stmt"/>
        <line num="29" count="107815" type="stmt"/>
        <line num="30" count="107815" type="stmt"/>
        <line num="33" count="13834" type="stmt"/>
      </file>
    </package>
    <package name="src.storage">
      <metrics statements="52" coveredstatements="46" conditionals="4" coveredconditionals="4" methods="7" coveredmethods="7"/>
      <file name="storageManager.ts" path="C:\Users\Dell\Desktop\KPI-COURSEWORK\ProgressionForge-CLI\src\storage\storageManager.ts">
        <metrics statements="52" coveredstatements="46" conditionals="4" coveredconditionals="4" methods="7" coveredmethods="7"/>
        <line num="1" count="3" type="stmt"/>
        <line num="2" count="3" type="stmt"/>
        <line num="4" count="3" type="stmt"/>
        <line num="6" count="3" type="stmt"/>
        <line num="12" count="3" type="stmt"/>
        <line num="16" count="1" type="stmt"/>
        <line num="17" count="1" type="stmt"/>
        <line num="18" count="1" type="stmt"/>
        <line num="19" count="1" type="stmt"/>
        <line num="20" count="1" type="stmt"/>
        <line num="22" count="0" type="stmt"/>
        <line num="23" count="0" type="stmt"/>
        <line num="27" count="3" type="stmt"/>
        <line num="28" count="4" type="stmt"/>
        <line num="30" count="4" type="stmt"/>
        <line num="31" count="4" type="stmt"/>
        <line num="32" count="3" type="stmt"/>
        <line num="34" count="2" type="stmt"/>
        <line num="35" count="2" type="cond" truecount="1" falsecount="0"/>
        <line num="36" count="1" type="stmt"/>
        <line num="38" count="1" type="stmt"/>
        <line num="39" count="1" type="stmt"/>
        <line num="42" count="2" type="stmt"/>
        <line num="43" count="2" type="cond" truecount="1" falsecount="0"/>
        <line num="44" count="1" type="stmt"/>
        <line num="48" count="1" type="stmt"/>
        <line num="51" count="3" type="stmt"/>
        <line num="52" count="4" type="stmt"/>
        <line num="53" count="4" type="stmt"/>
        <line num="54" count="3" type="stmt"/>
        <line num="55" count="6" type="stmt"/>
        <line num="56" count="3" type="stmt"/>
        <line num="58" count="1" type="stmt"/>
        <line num="59" count="1" type="cond" truecount="1" falsecount="0"/>
        <line num="60" count="1" type="stmt"/>
        <line num="62" count="0" type="stmt"/>
        <line num="63" count="0" type="stmt"/>
        <line num="67" count="3" type="stmt"/>
        <line num="68" count="2" type="stmt"/>
        <line num="69" count="2" type="stmt"/>
        <line num="70" count="2" type="stmt"/>
        <line num="72" count="1" type="stmt"/>
        <line num="73" count="1" type="cond" truecount="1" falsecount="0"/>
        <line num="74" count="1" type="stmt"/>
        <line num="76" count="0" type="stmt"/>
        <line num="77" count="0" type="stmt"/>
        <line num="83" count="3" type="stmt"/>
        <line num="84" count="2" type="stmt"/>
        <line num="85" count="2" type="stmt"/>
        <line num="86" count="2" type="stmt"/>
        <line num="87" count="1" type="stmt"/>
        <line num="89" count="1" type="stmt"/>
      </file>
    </package>
    <package name="src.utils">
      <metrics statements="48" coveredstatements="48" conditionals="24" coveredconditionals="23" methods="12" coveredmethods="12"/>
      <file name="math.ts" path="C:\Users\Dell\Desktop\KPI-COURSEWORK\ProgressionForge-CLI\src\utils\math.ts">
        <metrics statements="2" coveredstatements="2" conditionals="0" coveredconditionals="0" methods="1" coveredmethods="1"/>
        <line num="1" count="12" type="stmt"/>
        <line num="2" count="1175245" type="stmt"/>
      </file>
      <file name="printer.ts" path="C:\Users\Dell\Desktop\KPI-COURSEWORK\ProgressionForge-CLI\src\utils\printer.ts">
        <metrics statements="25" coveredstatements="25" conditionals="8" coveredconditionals="7" methods="6" coveredmethods="6"/>
        <line num="3" count="2" type="stmt"/>
        <line num="4" count="3140" type="stmt"/>
        <line num="7" count="2" type="stmt"/>
        <line num="8" count="1575" type="cond" truecount="1" falsecount="0"/>
        <line num="9" count="1050" type="stmt"/>
        <line num="12" count="525" type="stmt"/>
        <line num="13" count="525" type="cond" truecount="1" falsecount="0"/>
        <line num="14" count="525" type="cond" truecount="1" falsecount="0"/>
        <line num="16" count="525" type="cond" truecount="1" falsecount="1"/>
        <line num="19" count="2" type="stmt"/>
        <line num="20" count="6" type="stmt"/>
        <line num="21" count="6" type="stmt"/>
        <line num="22" count="6" type="stmt"/>
        <line num="24" count="6" type="stmt"/>
        <line num="25" count="530" type="stmt"/>
        <line num="27" count="530" type="stmt"/>
        <line num="28" count="2090" type="stmt"/>
        <line num="29" count="2090" type="stmt"/>
        <line num="31" count="2090" type="stmt"/>
        <line num="33" count="2090" type="cond" truecount="3" falsecount="0"/>
        <line num="34" count="1050" type="stmt"/>
        <line num="35" count="1050" type="stmt"/>
        <line num="36" count="1575" type="stmt"/>
        <line num="40" count="2090" type="stmt"/>
        <line num="47" count="530" type="stmt"/>
      </file>
      <file name="validators.ts" path="C:\Users\Dell\Desktop\KPI-COURSEWORK\ProgressionForge-CLI\src\utils\validators.ts">
        <metrics statements="21" coveredstatements="21" conditionals="16" coveredconditionals="16" methods="5" coveredmethods="5"/>
        <line num="1" count="4" type="stmt"/>
        <line num="4" count="4" type="cond" truecount="3" falsecount="0"/>
        <line num="5" count="1" type="stmt"/>
        <line num="7" count="3" type="stmt"/>
        <line num="10" count="4" type="stmt"/>
        <line num="13" count="5" type="cond" truecount="3" falsecount="0"/>
        <line num="14" count="2" type="stmt"/>
        <line num="16" count="3" type="stmt"/>
        <line num="19" count="4" type="stmt"/>
        <line num="22" count="3" type="cond" truecount="4" falsecount="0"/>
        <line num="23" count="1" type="stmt"/>
        <line num="25" count="2" type="stmt"/>
        <line num="28" count="4" type="stmt"/>
        <line num="29" count="4" type="stmt"/>
        <line num="30" count="4" type="cond" truecount="3" falsecount="0"/>
        <line num="31" count="2" type="stmt"/>
        <line num="33" count="2" type="stmt"/>
        <line num="36" count="4" type="stmt"/>
        <line num="39" count="3" type="cond" truecount="3" falsecount="0"/>
        <line num="40" count="2" type="stmt"/>
        <line num="42" count="1" type="stmt"/>
      </file>
    </package>
    <package name="tests.e2e.helpers">
      <metrics statements="30" coveredstatements="27" conditionals="13" coveredconditionals="9" methods="10" coveredmethods="9"/>
      <file name="cliHelpers.ts" path="C:\Users\Dell\Desktop\KPI-COURSEWORK\ProgressionForge-CLI\tests\e2e\helpers\cliHelpers.ts">
        <metrics statements="30" coveredstatements="27" conditionals="13" coveredconditionals="9" methods="10" coveredmethods="9"/>
        <line num="1" count="2" type="stmt"/>
        <line num="2" count="2" type="stmt"/>
        <line num="11" count="2" type="stmt"/>
        <line num="18" count="2" type="stmt"/>
        <line num="23" count="7" type="stmt"/>
        <line num="25" count="7" type="stmt"/>
        <line num="27" count="7" type="stmt"/>
        <line num="33" count="7" type="stmt"/>
        <line num="34" count="7" type="stmt"/>
        <line num="35" count="7" type="stmt"/>
        <line num="37" count="7" type="stmt"/>
        <line num="38" count="146" type="stmt"/>
        <line num="41" count="7" type="stmt"/>
        <line num="42" count="8" type="stmt"/>
        <line num="45" count="7" type="stmt"/>
        <line num="46" count="0" type="stmt"/>
        <line num="49" count="7" type="stmt"/>
        <line num="51" count="7" type="stmt"/>
        <line num="53" count="1" type="stmt"/>
        <line num="54" count="16" type="cond" truecount="3" falsecount="0"/>
        <line num="55" count="16" type="cond" truecount="2" falsecount="0"/>
        <line num="60" count="5" type="stmt"/>
        <line num="63" count="11" type="stmt"/>
        <line num="67" count="16" type="stmt"/>
        <line num="71" count="1" type="stmt"/>
        <line num="72" count="0" type="cond" truecount="0" falsecount="1"/>
        <line num="73" count="0" type="stmt"/>
        <line num="77" count="7" type="stmt"/>
        <line num="79" count="7" type="stmt"/>
        <line num="80" count="7" type="stmt"/>
      </file>
    </package>
  </project>
</coverage>
