{"C:\\Users\\Dell\\Desktop\\KPI-COURSEWORK\\ProgressionForge-CLI\\src\\commands\\edit.ts": {"path":"C:\\Users\\Dell\\Desktop\\KPI-COURSEWORK\\ProgressionForge-CLI\\src\\commands\\edit.ts","statementMap":{"0":{"start":{"line":1,"column":0},"end":{"line":1,"column":32}},"1":{"start":{"line":2,"column":0},"end":{"line":2,"column":78}},"2":{"start":{"line":4,"column":0},"end":{"line":4,"column":45}},"3":{"start":{"line":5,"column":0},"end":{"line":5,"column":null}},"4":{"start":{"line":12,"column":27},"end":{"line":104,"column":1}},"5":{"start":{"line":15,"column":16},"end":{"line":15,"column":20}},"6":{"start":{"line":16,"column":26},"end":{"line":16,"column":41}},"7":{"start":{"line":18,"column":2},"end":{"line":101,"column":3}},"8":{"start":{"line":19,"column":23},"end":{"line":32,"column":6}},"9":{"start":{"line":34,"column":4},"end":{"line":100,"column":5}},"10":{"start":{"line":36,"column":28},"end":{"line":44,"column":10}},"11":{"start":{"line":45,"column":8},"end":{"line":45,"column":39}},"12":{"start":{"line":46,"column":8},"end":{"line":46,"column":14}},"13":{"start":{"line":49,"column":28},"end":{"line":57,"column":10}},"14":{"start":{"line":58,"column":8},"end":{"line":58,"column":39}},"15":{"start":{"line":59,"column":8},"end":{"line":59,"column":14}},"16":{"start":{"line":62,"column":24},"end":{"line":77,"column":10}},"17":{"start":{"line":78,"column":8},"end":{"line":78,"column":47}},"18":{"start":{"line":79,"column":8},"end":{"line":79,"column":47}},"19":{"start":{"line":80,"column":8},"end":{"line":80,"column":14}},"20":{"start":{"line":83,"column":29},"end":{"line":92,"column":10}},"21":{"start":{"line":93,"column":8},"end":{"line":93,"column":52}},"22":{"start":{"line":94,"column":8},"end":{"line":94,"column":14}},"23":{"start":{"line":97,"column":8},"end":{"line":97,"column":24}},"24":{"start":{"line":98,"column":8},"end":{"line":98,"column":14}},"25":{"start":{"line":103,"column":2},"end":{"line":103,"column":25}},"26":{"start":{"line":106,"column":24},"end":{"line":161,"column":1}},"27":{"start":{"line":107,"column":17},"end":{"line":107,"column":21}},"28":{"start":{"line":109,"column":2},"end":{"line":160,"column":3}},"29":{"start":{"line":110,"column":20},"end":{"line":118,"column":6}},"30":{"start":{"line":113,"column":38},"end":{"line":113,"column":56}},"31":{"start":{"line":115,"column":38},"end":{"line":115,"column":58}},"32":{"start":{"line":120,"column":23},"end":{"line":128,"column":6}},"33":{"start":{"line":130,"column":4},"end":{"line":159,"column":5}},"34":{"start":{"line":131,"column":26},"end":{"line":131,"column":70}},"35":{"start":{"line":132,"column":6},"end":{"line":132,"column":41}},"36":{"start":{"line":133,"column":6},"end":{"line":133,"column":37}},"37":{"start":{"line":134,"column":11},"end":{"line":159,"column":5}},"38":{"start":{"line":135,"column":6},"end":{"line":135,"column":23}},"39":{"start":{"line":136,"column":11},"end":{"line":159,"column":5}},"40":{"start":{"line":137,"column":21},"end":{"line":137,"column":49}},"41":{"start":{"line":138,"column":20},"end":{"line":138,"column":72}},"42":{"start":{"line":138,"column":54},"end":{"line":138,"column":71}},"43":{"start":{"line":139,"column":6},"end":{"line":143,"column":7}},"44":{"start":{"line":140,"column":8},"end":{"line":142,"column":10}},"45":{"start":{"line":144,"column":11},"end":{"line":159,"column":5}},"46":{"start":{"line":145,"column":21},"end":{"line":145,"column":51}},"47":{"start":{"line":146,"column":26},"end":{"line":153,"column":8}},"48":{"start":{"line":155,"column":6},"end":{"line":158,"column":7}},"49":{"start":{"line":156,"column":8},"end":{"line":156,"column":77}},"50":{"start":{"line":156,"column":58},"end":{"line":156,"column":75}},"51":{"start":{"line":157,"column":8},"end":{"line":157,"column":53}},"52":{"start":{"line":163,"column":26},"end":{"line":246,"column":1}},"53":{"start":{"line":164,"column":2},"end":{"line":245,"column":3}},"54":{"start":{"line":165,"column":4},"end":{"line":168,"column":5}},"55":{"start":{"line":166,"column":6},"end":{"line":166,"column":65}},"56":{"start":{"line":167,"column":6},"end":{"line":167,"column":13}},"57":{"start":{"line":170,"column":4},"end":{"line":170,"column":49}},"58":{"start":{"line":171,"column":20},"end":{"line":171,"column":44}},"59":{"start":{"line":173,"column":22},"end":{"line":173,"column":26}},"60":{"start":{"line":175,"column":4},"end":{"line":242,"column":5}},"61":{"start":{"line":176,"column":29},"end":{"line":188,"column":8}},"62":{"start":{"line":190,"column":6},"end":{"line":241,"column":7}},"63":{"start":{"line":192,"column":26},"end":{"line":208,"column":12}},"64":{"start":{"line":209,"column":10},"end":{"line":209,"column":55}},"65":{"start":{"line":210,"column":10},"end":{"line":210,"column":53}},"66":{"start":{"line":211,"column":10},"end":{"line":211,"column":47}},"67":{"start":{"line":212,"column":10},"end":{"line":212,"column":16}},"68":{"start":{"line":216,"column":10},"end":{"line":216,"column":40}},"69":{"start":{"line":217,"column":10},"end":{"line":217,"column":16}},"70":{"start":{"line":221,"column":10},"end":{"line":221,"column":43}},"71":{"start":{"line":222,"column":10},"end":{"line":222,"column":64}},"72":{"start":{"line":223,"column":10},"end":{"line":223,"column":30}},"73":{"start":{"line":224,"column":10},"end":{"line":224,"column":16}},"74":{"start":{"line":228,"column":34},"end":{"line":235,"column":12}},"75":{"start":{"line":236,"column":10},"end":{"line":238,"column":11}},"76":{"start":{"line":237,"column":12},"end":{"line":237,"column":32}},"77":{"start":{"line":239,"column":10},"end":{"line":239,"column":16}},"78":{"start":{"line":244,"column":4},"end":{"line":244,"column":61}},"79":{"start":{"line":163,"column":13},"end":{"line":163,"column":26}}},"fnMap":{"0":{"name":"(anonymous_1)","decl":{"start":{"line":12,"column":27},"end":{"line":12,"column":32}},"loc":{"start":{"line":14,"column":29},"end":{"line":104,"column":1}}},"1":{"name":"(anonymous_2)","decl":{"start":{"line":106,"column":24},"end":{"line":106,"column":29}},"loc":{"start":{"line":106,"column":68},"end":{"line":161,"column":1}}},"2":{"name":"(anonymous_3)","decl":{"start":{"line":113,"column":30},"end":{"line":113,"column":31}},"loc":{"start":{"line":113,"column":38},"end":{"line":113,"column":56}}},"3":{"name":"(anonymous_4)","decl":{"start":{"line":115,"column":30},"end":{"line":115,"column":31}},"loc":{"start":{"line":115,"column":38},"end":{"line":115,"column":58}}},"4":{"name":"(anonymous_5)","decl":{"start":{"line":138,"column":47},"end":{"line":138,"column":48}},"loc":{"start":{"line":138,"column":54},"end":{"line":138,"column":71}}},"5":{"name":"(anonymous_6)","decl":{"start":{"line":156,"column":51},"end":{"line":156,"column":52}},"loc":{"start":{"line":156,"column":58},"end":{"line":156,"column":75}}},"6":{"name":"(anonymous_7)","decl":{"start":{"line":163,"column":26},"end":{"line":163,"column":31}},"loc":{"start":{"line":163,"column":68},"end":{"line":246,"column":1}}}},"branchMap":{"0":{"loc":{"start":{"line":34,"column":4},"end":{"line":100,"column":5}},"type":"switch","locations":[{"start":{"line":35,"column":6},"end":{"line":47,"column":7}},{"start":{"line":48,"column":6},"end":{"line":60,"column":7}},{"start":{"line":61,"column":6},"end":{"line":81,"column":7}},{"start":{"line":82,"column":6},"end":{"line":95,"column":7}},{"start":{"line":96,"column":6},"end":{"line":99,"column":7}}]},"1":{"loc":{"start":{"line":130,"column":4},"end":{"line":159,"column":5}},"type":"if","locations":[{"start":{"line":130,"column":4},"end":{"line":159,"column":5}},{"start":{"line":134,"column":11},"end":{"line":159,"column":5}}]},"2":{"loc":{"start":{"line":134,"column":11},"end":{"line":159,"column":5}},"type":"if","locations":[{"start":{"line":134,"column":11},"end":{"line":159,"column":5}},{"start":{"line":136,"column":11},"end":{"line":159,"column":5}}]},"3":{"loc":{"start":{"line":136,"column":11},"end":{"line":159,"column":5}},"type":"if","locations":[{"start":{"line":136,"column":11},"end":{"line":159,"column":5}},{"start":{"line":144,"column":11},"end":{"line":159,"column":5}}]},"4":{"loc":{"start":{"line":139,"column":6},"end":{"line":143,"column":7}},"type":"if","locations":[{"start":{"line":139,"column":6},"end":{"line":143,"column":7}}]},"5":{"loc":{"start":{"line":144,"column":11},"end":{"line":159,"column":5}},"type":"if","locations":[{"start":{"line":144,"column":11},"end":{"line":159,"column":5}}]},"6":{"loc":{"start":{"line":155,"column":6},"end":{"line":158,"column":7}},"type":"if","locations":[{"start":{"line":155,"column":6},"end":{"line":158,"column":7}}]},"7":{"loc":{"start":{"line":165,"column":4},"end":{"line":168,"column":5}},"type":"if","locations":[{"start":{"line":165,"column":4},"end":{"line":168,"column":5}}]},"8":{"loc":{"start":{"line":190,"column":6},"end":{"line":241,"column":7}},"type":"switch","locations":[{"start":{"line":191,"column":8},"end":{"line":213,"column":9}},{"start":{"line":215,"column":8},"end":{"line":218,"column":9}},{"start":{"line":220,"column":8},"end":{"line":225,"column":9}},{"start":{"line":227,"column":8},"end":{"line":240,"column":9}}]},"9":{"loc":{"start":{"line":236,"column":10},"end":{"line":238,"column":11}},"type":"if","locations":[{"start":{"line":236,"column":10},"end":{"line":238,"column":11}}]}},"s":{"0":1,"1":1,"2":1,"3":1,"4":1,"5":1,"6":1,"7":1,"8":3,"9":3,"10":0,"11":0,"12":0,"13":0,"14":0,"15":0,"16":1,"17":1,"18":1,"19":1,"20":1,"21":1,"22":1,"23":1,"24":1,"25":1,"26":1,"27":3,"28":3,"29":6,"30":12,"31":12,"32":6,"33":6,"34":1,"35":1,"36":1,"37":5,"38":3,"39":2,"40":1,"41":1,"42":1,"43":1,"44":1,"45":1,"46":1,"47":1,"48":1,"49":1,"50":2,"51":1,"52":1,"53":6,"54":6,"55":1,"56":1,"57":5,"58":5,"59":5,"60":5,"61":10,"62":10,"63":2,"64":2,"65":2,"66":2,"67":2,"68":3,"69":3,"70":4,"71":4,"72":4,"73":4,"74":1,"75":1,"76":1,"77":1,"78":0,"79":1},"f":{"0":1,"1":3,"2":12,"3":12,"4":1,"5":2,"6":6},"b":{"0":[0,0,1,1,1],"1":[1,5],"2":[3,2],"3":[1,1],"4":[1],"5":[1],"6":[1],"7":[1],"8":[2,3,4,1],"9":[1]}}
,"C:\\Users\\Dell\\Desktop\\KPI-COURSEWORK\\ProgressionForge-CLI\\src\\commands\\new.ts": {"path":"C:\\Users\\Dell\\Desktop\\KPI-COURSEWORK\\ProgressionForge-CLI\\src\\commands\\new.ts","statementMap":{"0":{"start":{"line":1,"column":0},"end":{"line":1,"column":32}},"1":{"start":{"line":2,"column":0},"end":{"line":2,"column":68}},"2":{"start":{"line":4,"column":0},"end":{"line":4,"column":null}},"3":{"start":{"line":14,"column":0},"end":{"line":14,"column":80}},"4":{"start":{"line":16,"column":0},"end":{"line":16,"column":null}},"5":{"start":{"line":24,"column":28},"end":{"line":82,"column":1}},"6":{"start":{"line":25,"column":23},"end":{"line":35,"column":4}},"7":{"start":{"line":37,"column":2},"end":{"line":54,"column":3}},"8":{"start":{"line":38,"column":31},"end":{"line":52,"column":6}},"9":{"start":{"line":53,"column":4},"end":{"line":53,"column":66}},"10":{"start":{"line":56,"column":18},"end":{"line":75,"column":4}},"11":{"start":{"line":77,"column":27},"end":{"line":77,"column":67}},"12":{"start":{"line":78,"column":2},"end":{"line":78,"column":45}},"13":{"start":{"line":78,"column":20},"end":{"line":78,"column":45}},"14":{"start":{"line":79,"column":2},"end":{"line":79,"column":45}},"15":{"start":{"line":79,"column":20},"end":{"line":79,"column":45}},"16":{"start":{"line":81,"column":2},"end":{"line":81,"column":14}},"17":{"start":{"line":84,"column":34},"end":{"line":101,"column":1}},"18":{"start":{"line":85,"column":36},"end":{"line":85,"column":38}},"19":{"start":{"line":86,"column":29},"end":{"line":86,"column":33}},"20":{"start":{"line":87,"column":2},"end":{"line":99,"column":3}},"21":{"start":{"line":88,"column":20},"end":{"line":88,"column":47}},"22":{"start":{"line":89,"column":4},"end":{"line":89,"column":30}},"23":{"start":{"line":90,"column":24},"end":{"line":97,"column":6}},"24":{"start":{"line":98,"column":4},"end":{"line":98,"column":35}},"25":{"start":{"line":100,"column":2},"end":{"line":100,"column":21}},"26":{"start":{"line":103,"column":35},"end":{"line":193,"column":1}},"27":{"start":{"line":106,"column":2},"end":{"line":117,"column":3}},"28":{"start":{"line":107,"column":4},"end":{"line":116,"column":7}},"29":{"start":{"line":118,"column":2},"end":{"line":137,"column":3}},"30":{"start":{"line":119,"column":4},"end":{"line":136,"column":7}},"31":{"start":{"line":138,"column":2},"end":{"line":164,"column":3}},"32":{"start":{"line":139,"column":4},"end":{"line":163,"column":7}},"33":{"start":{"line":165,"column":2},"end":{"line":191,"column":3}},"34":{"start":{"line":166,"column":4},"end":{"line":190,"column":7}},"35":{"start":{"line":192,"column":2},"end":{"line":192,"column":33}},"36":{"start":{"line":195,"column":24},"end":{"line":266,"column":1}},"37":{"start":{"line":199,"column":2},"end":{"line":264,"column":3}},"38":{"start":{"line":200,"column":27},"end":{"line":212,"column":6}},"39":{"start":{"line":214,"column":4},"end":{"line":216,"column":5}},"40":{"start":{"line":215,"column":6},"end":{"line":215,"column":41}},"41":{"start":{"line":218,"column":4},"end":{"line":220,"column":5}},"42":{"start":{"line":219,"column":6},"end":{"line":219,"column":63}},"43":{"start":{"line":222,"column":29},"end":{"line":237,"column":6}},"44":{"start":{"line":239,"column":27},"end":{"line":251,"column":6}},"45":{"start":{"line":253,"column":4},"end":{"line":255,"column":5}},"46":{"start":{"line":254,"column":6},"end":{"line":254,"column":41}},"47":{"start":{"line":257,"column":4},"end":{"line":263,"column":5}},"48":{"start":{"line":258,"column":6},"end":{"line":262,"column":7}},"49":{"start":{"line":259,"column":8},"end":{"line":259,"column":46}},"50":{"start":{"line":261,"column":8},"end":{"line":261,"column":46}},"51":{"start":{"line":265,"column":2},"end":{"line":265,"column":12}},"52":{"start":{"line":268,"column":33},"end":{"line":356,"column":1}},"53":{"start":{"line":271,"column":22},"end":{"line":302,"column":4}},"54":{"start":{"line":307,"column":2},"end":{"line":333,"column":3}},"55":{"start":{"line":308,"column":28},"end":{"line":317,"column":6}},"56":{"start":{"line":318,"column":4},"end":{"line":318,"column":45}},"57":{"start":{"line":319,"column":4},"end":{"line":319,"column":49}},"58":{"start":{"line":321,"column":22},"end":{"line":330,"column":6}},"59":{"start":{"line":331,"column":4},"end":{"line":331,"column":39}},"60":{"start":{"line":332,"column":4},"end":{"line":332,"column":63}},"61":{"start":{"line":335,"column":28},"end":{"line":336,"column":null}},"62":{"start":{"line":339,"column":17},"end":{"line":341,"column":null}},"63":{"start":{"line":344,"column":2},"end":{"line":344,"column":62}},"64":{"start":{"line":346,"column":2},"end":{"line":355,"column":4}},"65":{"start":{"line":268,"column":13},"end":{"line":268,"column":33}},"66":{"start":{"line":358,"column":25},"end":{"line":421,"column":1}},"67":{"start":{"line":359,"column":2},"end":{"line":420,"column":3}},"68":{"start":{"line":360,"column":4},"end":{"line":363,"column":5}},"69":{"start":{"line":361,"column":6},"end":{"line":361,"column":75}},"70":{"start":{"line":362,"column":6},"end":{"line":362,"column":13}},"71":{"start":{"line":365,"column":24},"end":{"line":379,"column":6}},"72":{"start":{"line":381,"column":40},"end":{"line":381,"column":42}},"73":{"start":{"line":382,"column":29},"end":{"line":382,"column":33}},"74":{"start":{"line":384,"column":4},"end":{"line":399,"column":5}},"75":{"start":{"line":385,"column":26},"end":{"line":386,"column":null}},"76":{"start":{"line":388,"column":6},"end":{"line":388,"column":34}},"77":{"start":{"line":390,"column":25},"end":{"line":397,"column":8}},"78":{"start":{"line":398,"column":6},"end":{"line":398,"column":46}},"79":{"start":{"line":401,"column":36},"end":{"line":406,"column":6}},"80":{"start":{"line":408,"column":4},"end":{"line":408,"column":42}},"81":{"start":{"line":410,"column":4},"end":{"line":410,"column":72}},"82":{"start":{"line":411,"column":4},"end":{"line":413,"column":6}},"83":{"start":{"line":415,"column":4},"end":{"line":419,"column":5}},"84":{"start":{"line":416,"column":6},"end":{"line":416,"column":48}},"85":{"start":{"line":418,"column":6},"end":{"line":418,"column":60}},"86":{"start":{"line":358,"column":13},"end":{"line":358,"column":25}}},"fnMap":{"0":{"name":"(anonymous_1)","decl":{"start":{"line":24,"column":28},"end":{"line":24,"column":33}},"loc":{"start":{"line":24,"column":60},"end":{"line":82,"column":1}}},"1":{"name":"(anonymous_2)","decl":{"start":{"line":84,"column":34},"end":{"line":84,"column":39}},"loc":{"start":{"line":84,"column":68},"end":{"line":101,"column":1}}},"2":{"name":"(anonymous_3)","decl":{"start":{"line":103,"column":35},"end":{"line":103,"column":40}},"loc":{"start":{"line":105,"column":32},"end":{"line":193,"column":1}}},"3":{"name":"(anonymous_4)","decl":{"start":{"line":195,"column":24},"end":{"line":195,"column":29}},"loc":{"start":{"line":198,"column":27},"end":{"line":266,"column":1}}},"4":{"name":"(anonymous_5)","decl":{"start":{"line":268,"column":33},"end":{"line":268,"column":38}},"loc":{"start":{"line":270,"column":29},"end":{"line":356,"column":1}}},"5":{"name":"(anonymous_6)","decl":{"start":{"line":358,"column":25},"end":{"line":358,"column":30}},"loc":{"start":{"line":358,"column":52},"end":{"line":421,"column":1}}}},"branchMap":{"0":{"loc":{"start":{"line":37,"column":2},"end":{"line":54,"column":3}},"type":"if","locations":[{"start":{"line":37,"column":2},"end":{"line":54,"column":3}}]},"1":{"loc":{"start":{"line":78,"column":2},"end":{"line":78,"column":45}},"type":"if","locations":[{"start":{"line":78,"column":2},"end":{"line":78,"column":45}}]},"2":{"loc":{"start":{"line":79,"column":2},"end":{"line":79,"column":45}},"type":"if","locations":[{"start":{"line":79,"column":2},"end":{"line":79,"column":45}}]},"3":{"loc":{"start":{"line":106,"column":2},"end":{"line":117,"column":3}},"type":"if","locations":[{"start":{"line":106,"column":2},"end":{"line":117,"column":3}}]},"4":{"loc":{"start":{"line":118,"column":2},"end":{"line":137,"column":3}},"type":"if","locations":[{"start":{"line":118,"column":2},"end":{"line":137,"column":3}}]},"5":{"loc":{"start":{"line":138,"column":2},"end":{"line":164,"column":3}},"type":"if","locations":[{"start":{"line":138,"column":2},"end":{"line":164,"column":3}}]},"6":{"loc":{"start":{"line":165,"column":2},"end":{"line":191,"column":3}},"type":"if","locations":[{"start":{"line":165,"column":2},"end":{"line":191,"column":3}}]},"7":{"loc":{"start":{"line":199,"column":2},"end":{"line":264,"column":3}},"type":"if","locations":[{"start":{"line":199,"column":2},"end":{"line":264,"column":3}},{"start":{"line":221,"column":9},"end":{"line":264,"column":3}}]},"8":{"loc":{"start":{"line":214,"column":4},"end":{"line":216,"column":5}},"type":"if","locations":[{"start":{"line":214,"column":4},"end":{"line":216,"column":5}}]},"9":{"loc":{"start":{"line":218,"column":4},"end":{"line":220,"column":5}},"type":"if","locations":[{"start":{"line":218,"column":4},"end":{"line":220,"column":5}}]},"10":{"loc":{"start":{"line":253,"column":4},"end":{"line":255,"column":5}},"type":"if","locations":[{"start":{"line":253,"column":4},"end":{"line":255,"column":5}}]},"11":{"loc":{"start":{"line":257,"column":4},"end":{"line":263,"column":5}},"type":"if","locations":[{"start":{"line":257,"column":4},"end":{"line":263,"column":5}}]},"12":{"loc":{"start":{"line":258,"column":6},"end":{"line":262,"column":7}},"type":"if","locations":[{"start":{"line":258,"column":6},"end":{"line":262,"column":7}},{"start":{"line":260,"column":13},"end":{"line":262,"column":7}}]},"13":{"loc":{"start":{"line":307,"column":2},"end":{"line":333,"column":3}},"type":"if","locations":[{"start":{"line":307,"column":2},"end":{"line":333,"column":3}},{"start":{"line":320,"column":9},"end":{"line":333,"column":3}}]},"14":{"loc":{"start":{"line":360,"column":4},"end":{"line":363,"column":5}},"type":"if","locations":[{"start":{"line":360,"column":4},"end":{"line":363,"column":5}}]},"15":{"loc":{"start":{"line":415,"column":4},"end":{"line":419,"column":5}},"type":"if","locations":[{"start":{"line":415,"column":4},"end":{"line":419,"column":5}},{"start":{"line":417,"column":11},"end":{"line":419,"column":5}}]},"16":{"loc":{"start":{"line":415,"column":8},"end":{"line":415,"column":76}},"type":"binary-expr","locations":[{"start":{"line":415,"column":8},"end":{"line":415,"column":33}},{"start":{"line":415,"column":37},"end":{"line":415,"column":51}},{"start":{"line":415,"column":55},"end":{"line":415,"column":76}}]}},"s":{"0":2,"1":2,"2":2,"3":2,"4":2,"5":2,"6":2,"7":2,"8":1,"9":1,"10":1,"11":1,"12":1,"13":1,"14":1,"15":1,"16":1,"17":2,"18":1,"19":1,"20":1,"21":2,"22":2,"23":2,"24":2,"25":1,"26":2,"27":4,"28":2,"29":2,"30":1,"31":1,"32":1,"33":0,"34":0,"35":0,"36":2,"37":4,"38":3,"39":3,"40":1,"41":2,"42":2,"43":1,"44":1,"45":1,"46":0,"47":1,"48":1,"49":1,"50":0,"51":0,"52":2,"53":4,"54":4,"55":3,"56":3,"57":3,"58":1,"59":1,"60":1,"61":4,"62":4,"63":4,"64":4,"65":2,"66":2,"67":4,"68":4,"69":1,"70":1,"71":3,"72":3,"73":3,"74":3,"75":4,"76":4,"77":4,"78":4,"79":3,"80":3,"81":3,"82":3,"83":0,"84":0,"85":0,"86":2},"f":{"0":2,"1":1,"2":4,"3":4,"4":4,"5":4},"b":{"0":[1],"1":[1],"2":[1],"3":[2],"4":[1],"5":[1],"6":[0],"7":[3,1],"8":[1],"9":[2],"10":[0],"11":[1],"12":[1,0],"13":[3,1],"14":[1],"15":[0,0],"16":[0,0,0]}}
,"C:\\Users\\Dell\\Desktop\\KPI-COURSEWORK\\ProgressionForge-CLI\\src\\core\\planGenerator.ts": {"path":"C:\\Users\\Dell\\Desktop\\KPI-COURSEWORK\\ProgressionForge-CLI\\src\\core\\planGenerator.ts","statementMap":{"0":{"start":{"line":8,"column":0},"end":{"line":8,"column":63}},"1":{"start":{"line":9,"column":0},"end":{"line":9,"column":50}},"2":{"start":{"line":11,"column":28},"end":{"line":65,"column":1}},"3":{"start":{"line":12,"column":34},"end":{"line":16,"column":4}},"4":{"start":{"line":18,"column":2},"end":{"line":62,"column":3}},"5":{"start":{"line":18,"column":15},"end":{"line":18,"column":16}},"6":{"start":{"line":19,"column":50},"end":{"line":19,"column":52}},"7":{"start":{"line":21,"column":4},"end":{"line":56,"column":5}},"8":{"start":{"line":23,"column":8},"end":{"line":25,"column":37}},"9":{"start":{"line":27,"column":26},"end":{"line":27,"column":72}},"10":{"start":{"line":29,"column":21},"end":{"line":33,"column":8}},"11":{"start":{"line":36,"column":41},"end":{"line":36,"column":67}},"12":{"start":{"line":38,"column":32},"end":{"line":38,"column":52}},"13":{"start":{"line":40,"column":28},"end":{"line":40,"column":66}},"14":{"start":{"line":42,"column":39},"end":{"line":46,"column":8}},"15":{"start":{"line":48,"column":43},"end":{"line":53,"column":8}},"16":{"start":{"line":55,"column":6},"end":{"line":55,"column":47}},"17":{"start":{"line":58,"column":4},"end":{"line":61,"column":7}},"18":{"start":{"line":64,"column":2},"end":{"line":64,"column":19}},"19":{"start":{"line":11,"column":13},"end":{"line":11,"column":28}}},"fnMap":{"0":{"name":"(anonymous_0)","decl":{"start":{"line":11,"column":28},"end":{"line":11,"column":29}},"loc":{"start":{"line":11,"column":65},"end":{"line":65,"column":1}}}},"branchMap":{"0":{"loc":{"start":{"line":23,"column":8},"end":{"line":25,"column":37}},"type":"cond-expr","locations":[{"start":{"line":24,"column":12},"end":{"line":24,"column":59}},{"start":{"line":25,"column":12},"end":{"line":25,"column":37}}]}},"s":{"0":2,"1":2,"2":2,"3":1105,"4":1105,"5":1105,"6":13738,"7":13738,"8":42898,"9":42898,"10":42898,"11":42898,"12":42898,"13":42898,"14":42898,"15":42898,"16":42898,"17":13738,"18":1105,"19":2},"f":{"0":1105},"b":{"0":[524,42374]}}
,"C:\\Users\\Dell\\Desktop\\KPI-COURSEWORK\\ProgressionForge-CLI\\src\\core\\warmupGenerator.ts": {"path":"C:\\Users\\Dell\\Desktop\\KPI-COURSEWORK\\ProgressionForge-CLI\\src\\core\\warmupGenerator.ts","statementMap":{"0":{"start":{"line":2,"column":0},"end":{"line":2,"column":50}},"1":{"start":{"line":4,"column":33},"end":{"line":19,"column":1}},"2":{"start":{"line":5,"column":17},"end":{"line":5,"column":19}},"3":{"start":{"line":6,"column":20},"end":{"line":6,"column":21}},"4":{"start":{"line":7,"column":21},"end":{"line":7,"column":25}},"5":{"start":{"line":8,"column":22},"end":{"line":8,"column":41}},"6":{"start":{"line":9,"column":19},"end":{"line":9,"column":20}},"7":{"start":{"line":10,"column":2},"end":{"line":17,"column":3}},"8":{"start":{"line":10,"column":15},"end":{"line":10,"column":16}},"9":{"start":{"line":11,"column":4},"end":{"line":14,"column":7}},"10":{"start":{"line":15,"column":4},"end":{"line":15,"column":48}},"11":{"start":{"line":16,"column":4},"end":{"line":16,"column":28}},"12":{"start":{"line":18,"column":2},"end":{"line":18,"column":16}},"13":{"start":{"line":4,"column":13},"end":{"line":4,"column":33}},"14":{"start":{"line":21,"column":34},"end":{"line":34,"column":1}},"15":{"start":{"line":22,"column":2},"end":{"line":33,"column":4}},"16":{"start":{"line":21,"column":13},"end":{"line":21,"column":34}},"17":{"start":{"line":36,"column":34},"end":{"line":49,"column":1}},"18":{"start":{"line":37,"column":2},"end":{"line":48,"column":4}},"19":{"start":{"line":36,"column":13},"end":{"line":36,"column":34}},"20":{"start":{"line":51,"column":13},"end":{"line":53,"column":2}},"21":{"start":{"line":54,"column":13},"end":{"line":57,"column":2}}},"fnMap":{"0":{"name":"(anonymous_0)","decl":{"start":{"line":4,"column":33},"end":{"line":4,"column":34}},"loc":{"start":{"line":4,"column":73},"end":{"line":19,"column":1}}},"1":{"name":"(anonymous_1)","decl":{"start":{"line":21,"column":34},"end":{"line":21,"column":51}},"loc":{"start":{"line":21,"column":53},"end":{"line":34,"column":1}}},"2":{"name":"(anonymous_2)","decl":{"start":{"line":36,"column":34},"end":{"line":36,"column":51}},"loc":{"start":{"line":36,"column":53},"end":{"line":49,"column":1}}}},"branchMap":{},"s":{"0":3,"1":3,"2":7,"3":7,"4":7,"5":7,"6":7,"7":7,"8":7,"9":21,"10":21,"11":21,"12":7,"13":3,"14":3,"15":4,"16":3,"17":3,"18":3,"19":3,"20":3,"21":3},"f":{"0":7,"1":4,"2":3},"b":{}}
,"C:\\Users\\Dell\\Desktop\\KPI-COURSEWORK\\ProgressionForge-CLI\\src\\models\\schema.ts": {"path":"C:\\Users\\Dell\\Desktop\\KPI-COURSEWORK\\ProgressionForge-CLI\\src\\models\\schema.ts","statementMap":{"0":{"start":{"line":1,"column":0},"end":{"line":1,"column":24}},"1":{"start":{"line":2,"column":0},"end":{"line":2,"column":62}},"2":{"start":{"line":4,"column":13},"end":{"line":4,"column":66}},"3":{"start":{"line":6,"column":13},"end":{"line":17,"column":3}},"4":{"start":{"line":19,"column":13},"end":{"line":28,"column":3}},"5":{"start":{"line":30,"column":13},"end":{"line":35,"column":3}}},"fnMap":{},"branchMap":{},"s":{"0":4,"1":4,"2":4,"3":4,"4":4,"5":4},"f":{},"b":{}}
,"C:\\Users\\Dell\\Desktop\\KPI-COURSEWORK\\ProgressionForge-CLI\\src\\progressions\\block.ts": {"path":"C:\\Users\\Dell\\Desktop\\KPI-COURSEWORK\\ProgressionForge-CLI\\src\\progressions\\block.ts","statementMap":{"0":{"start":{"line":1,"column":0},"end":{"line":1,"column":50}},"1":{"start":{"line":15,"column":32},"end":{"line":43,"column":1}},"2":{"start":{"line":16,"column":62},"end":{"line":16,"column":68}},"3":{"start":{"line":18,"column":4},"end":{"line":18,"column":21}},"4":{"start":{"line":19,"column":24},"end":{"line":19,"column":26}},"5":{"start":{"line":20,"column":22},"end":{"line":20,"column":35}},"6":{"start":{"line":21,"column":27},"end":{"line":21,"column":28}},"7":{"start":{"line":22,"column":29},"end":{"line":22,"column":43}},"8":{"start":{"line":23,"column":29},"end":{"line":23,"column":68}},"9":{"start":{"line":24,"column":32},"end":{"line":24,"column":74}},"10":{"start":{"line":25,"column":2},"end":{"line":41,"column":3}},"11":{"start":{"line":25,"column":15},"end":{"line":25,"column":16}},"12":{"start":{"line":26,"column":4},"end":{"line":26,"column":59}},"13":{"start":{"line":27,"column":4},"end":{"line":33,"column":5}},"14":{"start":{"line":28,"column":6},"end":{"line":28,"column":39}},"15":{"start":{"line":29,"column":6},"end":{"line":29,"column":29}},"16":{"start":{"line":30,"column":11},"end":{"line":33,"column":5}},"17":{"start":{"line":31,"column":6},"end":{"line":31,"column":36}},"18":{"start":{"line":32,"column":6},"end":{"line":32,"column":29}},"19":{"start":{"line":35,"column":4},"end":{"line":39,"column":5}},"20":{"start":{"line":36,"column":6},"end":{"line":36,"column":45}},"21":{"start":{"line":38,"column":6},"end":{"line":38,"column":42}},"22":{"start":{"line":40,"column":4},"end":{"line":40,"column":25}},"23":{"start":{"line":42,"column":2},"end":{"line":42,"column":23}},"24":{"start":{"line":15,"column":13},"end":{"line":15,"column":32}}},"fnMap":{"0":{"name":"(anonymous_0)","decl":{"start":{"line":15,"column":32},"end":{"line":15,"column":33}},"loc":{"start":{"line":15,"column":66},"end":{"line":43,"column":1}}}},"branchMap":{"0":{"loc":{"start":{"line":27,"column":4},"end":{"line":33,"column":5}},"type":"if","locations":[{"start":{"line":27,"column":4},"end":{"line":33,"column":5}},{"start":{"line":30,"column":11},"end":{"line":33,"column":5}}]},"1":{"loc":{"start":{"line":27,"column":8},"end":{"line":27,"column":76}},"type":"binary-expr","locations":[{"start":{"line":27,"column":8},"end":{"line":27,"column":41}},{"start":{"line":27,"column":45},"end":{"line":27,"column":76}}]},"2":{"loc":{"start":{"line":30,"column":11},"end":{"line":33,"column":5}},"type":"if","locations":[{"start":{"line":30,"column":11},"end":{"line":33,"column":5}}]},"3":{"loc":{"start":{"line":35,"column":4},"end":{"line":39,"column":5}},"type":"if","locations":[{"start":{"line":35,"column":4},"end":{"line":39,"column":5}},{"start":{"line":37,"column":11},"end":{"line":39,"column":5}}]}},"s":{"0":9,"1":9,"2":13781,"3":13781,"4":13781,"5":13781,"6":13781,"7":13781,"8":13781,"9":13781,"10":13781,"11":13781,"12":429852,"13":429852,"14":47171,"15":47171,"16":382681,"17":46622,"18":46622,"19":429852,"20":188483,"21":241369,"22":429852,"23":13781,"24":9},"f":{"0":13781},"b":{"0":[47171,382681],"1":[429852,93793],"2":[46622],"3":[188483,241369]}}
,"C:\\Users\\Dell\\Desktop\\KPI-COURSEWORK\\ProgressionForge-CLI\\src\\progressions\\index.ts": {"path":"C:\\Users\\Dell\\Desktop\\KPI-COURSEWORK\\ProgressionForge-CLI\\src\\progressions\\index.ts","statementMap":{"0":{"start":{"line":1,"column":0},"end":{"line":1,"column":48}},"1":{"start":{"line":2,"column":0},"end":{"line":2,"column":56}},"2":{"start":{"line":3,"column":0},"end":{"line":3,"column":44}},"3":{"start":{"line":4,"column":0},"end":{"line":4,"column":46}},"4":{"start":{"line":27,"column":13},"end":{"line":32,"column":2}},"5":{"start":{"line":40,"column":13},"end":{"line":42,"column":42}}},"fnMap":{},"branchMap":{},"s":{"0":8,"1":8,"2":8,"3":8,"4":8,"5":8},"f":{},"b":{}}
,"C:\\Users\\Dell\\Desktop\\KPI-COURSEWORK\\ProgressionForge-CLI\\src\\progressions\\linear.ts": {"path":"C:\\Users\\Dell\\Desktop\\KPI-COURSEWORK\\ProgressionForge-CLI\\src\\progressions\\linear.ts","statementMap":{"0":{"start":{"line":1,"column":33},"end":{"line":12,"column":1}},"1":{"start":{"line":2,"column":62},"end":{"line":2,"column":68}},"2":{"start":{"line":3,"column":35},"end":{"line":3,"column":52}},"3":{"start":{"line":4,"column":24},"end":{"line":4,"column":26}},"4":{"start":{"line":5,"column":22},"end":{"line":5,"column":42}},"5":{"start":{"line":6,"column":22},"end":{"line":6,"column":58}},"6":{"start":{"line":7,"column":2},"end":{"line":10,"column":3}},"7":{"start":{"line":7,"column":15},"end":{"line":7,"column":16}},"8":{"start":{"line":8,"column":4},"end":{"line":8,"column":38}},"9":{"start":{"line":9,"column":4},"end":{"line":9,"column":33}},"10":{"start":{"line":11,"column":2},"end":{"line":11,"column":23}},"11":{"start":{"line":1,"column":13},"end":{"line":1,"column":33}}},"fnMap":{"0":{"name":"(anonymous_0)","decl":{"start":{"line":1,"column":33},"end":{"line":1,"column":34}},"loc":{"start":{"line":1,"column":68},"end":{"line":12,"column":1}}}},"branchMap":{},"s":{"0":9,"1":15034,"2":15034,"3":15034,"4":15034,"5":15034,"6":15034,"7":15034,"8":445792,"9":445792,"10":15034,"11":9},"f":{"0":15034},"b":{}}
,"C:\\Users\\Dell\\Desktop\\KPI-COURSEWORK\\ProgressionForge-CLI\\src\\progressions\\percentage.ts": {"path":"C:\\Users\\Dell\\Desktop\\KPI-COURSEWORK\\ProgressionForge-CLI\\src\\progressions\\percentage.ts","statementMap":{"0":{"start":{"line":1,"column":0},"end":{"line":1,"column":50}},"1":{"start":{"line":14,"column":37},"end":{"line":28,"column":1}},"2":{"start":{"line":15,"column":62},"end":{"line":15,"column":68}},"3":{"start":{"line":16,"column":45},"end":{"line":16,"column":62}},"4":{"start":{"line":18,"column":34},"end":{"line":18,"column":36}},"5":{"start":{"line":20,"column":2},"end":{"line":25,"column":3}},"6":{"start":{"line":20,"column":15},"end":{"line":20,"column":16}},"7":{"start":{"line":21,"column":27},"end":{"line":21,"column":62}},"8":{"start":{"line":22,"column":29},"end":{"line":22,"column":67}},"9":{"start":{"line":23,"column":26},"end":{"line":23,"column":63}},"10":{"start":{"line":24,"column":4},"end":{"line":24,"column":38}},"11":{"start":{"line":27,"column":2},"end":{"line":27,"column":23}},"12":{"start":{"line":14,"column":13},"end":{"line":14,"column":37}}},"fnMap":{"0":{"name":"(anonymous_0)","decl":{"start":{"line":14,"column":37},"end":{"line":14,"column":38}},"loc":{"start":{"line":14,"column":76},"end":{"line":28,"column":1}}}},"branchMap":{},"s":{"0":9,"1":9,"2":631,"3":631,"4":631,"5":631,"6":631,"7":271450,"8":271450,"9":271450,"10":271450,"11":631,"12":9},"f":{"0":631},"b":{}}
,"C:\\Users\\Dell\\Desktop\\KPI-COURSEWORK\\ProgressionForge-CLI\\src\\progressions\\wave.ts": {"path":"C:\\Users\\Dell\\Desktop\\KPI-COURSEWORK\\ProgressionForge-CLI\\src\\progressions\\wave.ts","statementMap":{"0":{"start":{"line":1,"column":0},"end":{"line":1,"column":50}},"1":{"start":{"line":15,"column":31},"end":{"line":34,"column":1}},"2":{"start":{"line":16,"column":62},"end":{"line":16,"column":68}},"3":{"start":{"line":17,"column":54},"end":{"line":17,"column":71}},"4":{"start":{"line":18,"column":24},"end":{"line":18,"column":26}},"5":{"start":{"line":19,"column":22},"end":{"line":19,"column":35}},"6":{"start":{"line":20,"column":22},"end":{"line":20,"column":23}},"7":{"start":{"line":21,"column":19},"end":{"line":21,"column":48}},"8":{"start":{"line":22,"column":21},"end":{"line":22,"column":52}},"9":{"start":{"line":23,"column":2},"end":{"line":32,"column":3}},"10":{"start":{"line":23,"column":15},"end":{"line":23,"column":16}},"11":{"start":{"line":24,"column":4},"end":{"line":24,"column":59}},"12":{"start":{"line":25,"column":4},"end":{"line":31,"column":5}},"13":{"start":{"line":26,"column":6},"end":{"line":26,"column":32}},"14":{"start":{"line":27,"column":6},"end":{"line":27,"column":22}},"15":{"start":{"line":29,"column":6},"end":{"line":29,"column":24}},"16":{"start":{"line":30,"column":6},"end":{"line":30,"column":34}},"17":{"start":{"line":33,"column":2},"end":{"line":33,"column":23}},"18":{"start":{"line":15,"column":13},"end":{"line":15,"column":31}}},"fnMap":{"0":{"name":"(anonymous_0)","decl":{"start":{"line":15,"column":31},"end":{"line":15,"column":32}},"loc":{"start":{"line":15,"column":64},"end":{"line":34,"column":1}}}},"branchMap":{"0":{"loc":{"start":{"line":25,"column":4},"end":{"line":31,"column":5}},"type":"if","locations":[{"start":{"line":25,"column":4},"end":{"line":31,"column":5}},{"start":{"line":28,"column":11},"end":{"line":31,"column":5}}]}},"s":{"0":9,"1":9,"2":13834,"3":13834,"4":13834,"5":13834,"6":13834,"7":13834,"8":13834,"9":13834,"10":13834,"11":430924,"12":430924,"13":323109,"14":323109,"15":107815,"16":107815,"17":13834,"18":9},"f":{"0":13834},"b":{"0":[323109,107815]}}
,"C:\\Users\\Dell\\Desktop\\KPI-COURSEWORK\\ProgressionForge-CLI\\src\\storage\\storageManager.ts": {"path":"C:\\Users\\Dell\\Desktop\\KPI-COURSEWORK\\ProgressionForge-CLI\\src\\storage\\storageManager.ts","statementMap":{"0":{"start":{"line":1,"column":0},"end":{"line":1,"column":20}},"1":{"start":{"line":2,"column":0},"end":{"line":2,"column":24}},"2":{"start":{"line":4,"column":0},"end":{"line":4,"column":55}},"3":{"start":{"line":6,"column":21},"end":{"line":6,"column":54}},"4":{"start":{"line":12,"column":24},"end":{"line":25,"column":1}},"5":{"start":{"line":16,"column":2},"end":{"line":24,"column":3}},"6":{"start":{"line":17,"column":4},"end":{"line":17,"column":63}},"7":{"start":{"line":18,"column":21},"end":{"line":18,"column":64}},"8":{"start":{"line":19,"column":24},"end":{"line":19,"column":53}},"9":{"start":{"line":20,"column":4},"end":{"line":20,"column":64}},"10":{"start":{"line":22,"column":4},"end":{"line":22,"column":61}},"11":{"start":{"line":23,"column":4},"end":{"line":23,"column":60}},"12":{"start":{"line":12,"column":13},"end":{"line":12,"column":24}},"13":{"start":{"line":27,"column":24},"end":{"line":49,"column":1}},"14":{"start":{"line":28,"column":19},"end":{"line":28,"column":62}},"15":{"start":{"line":30,"column":2},"end":{"line":40,"column":3}},"16":{"start":{"line":31,"column":23},"end":{"line":31,"column":59}},"17":{"start":{"line":32,"column":4},"end":{"line":32,"column":59}},"18":{"start":{"line":34,"column":21},"end":{"line":34,"column":41}},"19":{"start":{"line":35,"column":4},"end":{"line":37,"column":5}},"20":{"start":{"line":36,"column":6},"end":{"line":36,"column":70}},"21":{"start":{"line":38,"column":4},"end":{"line":38,"column":63}},"22":{"start":{"line":39,"column":4},"end":{"line":39,"column":67}},"23":{"start":{"line":42,"column":27},"end":{"line":42,"column":66}},"24":{"start":{"line":43,"column":2},"end":{"line":47,"column":3}},"25":{"start":{"line":44,"column":4},"end":{"line":46,"column":6}},"26":{"start":{"line":48,"column":2},"end":{"line":48,"column":56}},"27":{"start":{"line":27,"column":13},"end":{"line":27,"column":24}},"28":{"start":{"line":51,"column":25},"end":{"line":65,"column":1}},"29":{"start":{"line":52,"column":2},"end":{"line":64,"column":3}},"30":{"start":{"line":53,"column":18},"end":{"line":53,"column":57}},"31":{"start":{"line":54,"column":4},"end":{"line":56,"column":48}},"32":{"start":{"line":55,"column":24},"end":{"line":55,"column":46}},"33":{"start":{"line":56,"column":21},"end":{"line":56,"column":46}},"34":{"start":{"line":58,"column":21},"end":{"line":58,"column":41}},"35":{"start":{"line":59,"column":4},"end":{"line":61,"column":5}},"36":{"start":{"line":60,"column":6},"end":{"line":60,"column":16}},"37":{"start":{"line":62,"column":4},"end":{"line":62,"column":49}},"38":{"start":{"line":63,"column":4},"end":{"line":63,"column":53}},"39":{"start":{"line":51,"column":13},"end":{"line":51,"column":25}},"40":{"start":{"line":67,"column":26},"end":{"line":81,"column":1}},"41":{"start":{"line":68,"column":2},"end":{"line":80,"column":3}},"42":{"start":{"line":69,"column":21},"end":{"line":69,"column":64}},"43":{"start":{"line":70,"column":4},"end":{"line":70,"column":39}},"44":{"start":{"line":72,"column":21},"end":{"line":72,"column":41}},"45":{"start":{"line":73,"column":4},"end":{"line":75,"column":5}},"46":{"start":{"line":74,"column":6},"end":{"line":74,"column":70}},"47":{"start":{"line":76,"column":4},"end":{"line":76,"column":65}},"48":{"start":{"line":77,"column":4},"end":{"line":79,"column":6}},"49":{"start":{"line":67,"column":13},"end":{"line":67,"column":26}},"50":{"start":{"line":83,"column":26},"end":{"line":91,"column":1}},"51":{"start":{"line":84,"column":19},"end":{"line":84,"column":62}},"52":{"start":{"line":85,"column":2},"end":{"line":90,"column":3}},"53":{"start":{"line":86,"column":4},"end":{"line":86,"column":39}},"54":{"start":{"line":87,"column":4},"end":{"line":87,"column":16}},"55":{"start":{"line":89,"column":4},"end":{"line":89,"column":17}},"56":{"start":{"line":83,"column":13},"end":{"line":83,"column":26}}},"fnMap":{"0":{"name":"(anonymous_1)","decl":{"start":{"line":12,"column":24},"end":{"line":12,"column":29}},"loc":{"start":{"line":15,"column":19},"end":{"line":25,"column":1}}},"1":{"name":"(anonymous_2)","decl":{"start":{"line":27,"column":24},"end":{"line":27,"column":29}},"loc":{"start":{"line":27,"column":72},"end":{"line":49,"column":1}}},"2":{"name":"(anonymous_3)","decl":{"start":{"line":51,"column":25},"end":{"line":51,"column":30}},"loc":{"start":{"line":51,"column":55},"end":{"line":65,"column":1}}},"3":{"name":"(anonymous_4)","decl":{"start":{"line":55,"column":14},"end":{"line":55,"column":15}},"loc":{"start":{"line":55,"column":24},"end":{"line":55,"column":46}}},"4":{"name":"(anonymous_5)","decl":{"start":{"line":56,"column":11},"end":{"line":56,"column":12}},"loc":{"start":{"line":56,"column":21},"end":{"line":56,"column":46}}},"5":{"name":"(anonymous_6)","decl":{"start":{"line":67,"column":26},"end":{"line":67,"column":31}},"loc":{"start":{"line":67,"column":68},"end":{"line":81,"column":1}}},"6":{"name":"(anonymous_7)","decl":{"start":{"line":83,"column":26},"end":{"line":83,"column":31}},"loc":{"start":{"line":83,"column":71},"end":{"line":91,"column":1}}}},"branchMap":{"0":{"loc":{"start":{"line":35,"column":4},"end":{"line":37,"column":5}},"type":"if","locations":[{"start":{"line":35,"column":4},"end":{"line":37,"column":5}}]},"1":{"loc":{"start":{"line":43,"column":2},"end":{"line":47,"column":3}},"type":"if","locations":[{"start":{"line":43,"column":2},"end":{"line":47,"column":3}}]},"2":{"loc":{"start":{"line":59,"column":4},"end":{"line":61,"column":5}},"type":"if","locations":[{"start":{"line":59,"column":4},"end":{"line":61,"column":5}}]},"3":{"loc":{"start":{"line":73,"column":4},"end":{"line":75,"column":5}},"type":"if","locations":[{"start":{"line":73,"column":4},"end":{"line":75,"column":5}}]}},"s":{"0":3,"1":3,"2":3,"3":3,"4":3,"5":1,"6":1,"7":1,"8":1,"9":1,"10":0,"11":0,"12":3,"13":3,"14":4,"15":4,"16":4,"17":3,"18":2,"19":2,"20":1,"21":1,"22":1,"23":2,"24":2,"25":1,"26":1,"27":3,"28":3,"29":4,"30":4,"31":3,"32":6,"33":3,"34":1,"35":1,"36":1,"37":0,"38":0,"39":3,"40":3,"41":2,"42":2,"43":2,"44":1,"45":1,"46":1,"47":0,"48":0,"49":3,"50":3,"51":2,"52":2,"53":2,"54":1,"55":1,"56":3},"f":{"0":1,"1":4,"2":4,"3":6,"4":3,"5":2,"6":2},"b":{"0":[1],"1":[1],"2":[1],"3":[1]}}
,"C:\\Users\\Dell\\Desktop\\KPI-COURSEWORK\\ProgressionForge-CLI\\src\\utils\\math.ts": {"path":"C:\\Users\\Dell\\Desktop\\KPI-COURSEWORK\\ProgressionForge-CLI\\src\\utils\\math.ts","statementMap":{"0":{"start":{"line":1,"column":30},"end":{"line":3,"column":1}},"1":{"start":{"line":2,"column":2},"end":{"line":2,"column":41}},"2":{"start":{"line":1,"column":13},"end":{"line":1,"column":30}}},"fnMap":{"0":{"name":"(anonymous_0)","decl":{"start":{"line":1,"column":30},"end":{"line":1,"column":31}},"loc":{"start":{"line":1,"column":70},"end":{"line":3,"column":1}}}},"branchMap":{},"s":{"0":12,"1":1175245,"2":12},"f":{"0":1175245},"b":{}}
,"C:\\Users\\Dell\\Desktop\\KPI-COURSEWORK\\ProgressionForge-CLI\\src\\utils\\printer.ts": {"path":"C:\\Users\\Dell\\Desktop\\KPI-COURSEWORK\\ProgressionForge-CLI\\src\\utils\\printer.ts","statementMap":{"0":{"start":{"line":3,"column":21},"end":{"line":5,"column":1}},"1":{"start":{"line":4,"column":2},"end":{"line":4,"column":36}},"2":{"start":{"line":7,"column":25},"end":{"line":17,"column":1}},"3":{"start":{"line":8,"column":2},"end":{"line":10,"column":3}},"4":{"start":{"line":9,"column":4},"end":{"line":9,"column":67}},"5":{"start":{"line":12,"column":16},"end":{"line":12,"column":18}},"6":{"start":{"line":13,"column":2},"end":{"line":13,"column":49}},"7":{"start":{"line":13,"column":17},"end":{"line":13,"column":49}},"8":{"start":{"line":14,"column":2},"end":{"line":14,"column":51}},"9":{"start":{"line":14,"column":17},"end":{"line":14,"column":51}},"10":{"start":{"line":16,"column":2},"end":{"line":16,"column":74}},"11":{"start":{"line":19,"column":25},"end":{"line":49,"column":1}},"12":{"start":{"line":20,"column":2},"end":{"line":20,"column":55}},"13":{"start":{"line":21,"column":2},"end":{"line":21,"column":59}},"14":{"start":{"line":22,"column":2},"end":{"line":22,"column":23}},"15":{"start":{"line":24,"column":2},"end":{"line":48,"column":5}},"16":{"start":{"line":25,"column":4},"end":{"line":25,"column":46}},"17":{"start":{"line":27,"column":4},"end":{"line":45,"column":7}},"18":{"start":{"line":28,"column":36},"end":{"line":28,"column":44}},"19":{"start":{"line":29,"column":39},"end":{"line":29,"column":50}},"20":{"start":{"line":31,"column":6},"end":{"line":31,"column":35}},"21":{"start":{"line":33,"column":6},"end":{"line":38,"column":7}},"22":{"start":{"line":34,"column":8},"end":{"line":34,"column":38}},"23":{"start":{"line":35,"column":8},"end":{"line":37,"column":11}},"24":{"start":{"line":36,"column":10},"end":{"line":36,"column":55}},"25":{"start":{"line":40,"column":6},"end":{"line":44,"column":8}},"26":{"start":{"line":47,"column":4},"end":{"line":47,"column":25}},"27":{"start":{"line":19,"column":13},"end":{"line":19,"column":25}}},"fnMap":{"0":{"name":"(anonymous_0)","decl":{"start":{"line":3,"column":21},"end":{"line":3,"column":22}},"loc":{"start":{"line":3,"column":45},"end":{"line":5,"column":1}}},"1":{"name":"(anonymous_1)","decl":{"start":{"line":7,"column":25},"end":{"line":7,"column":26}},"loc":{"start":{"line":7,"column":54},"end":{"line":17,"column":1}}},"2":{"name":"(anonymous_2)","decl":{"start":{"line":19,"column":25},"end":{"line":19,"column":26}},"loc":{"start":{"line":19,"column":54},"end":{"line":49,"column":1}}},"3":{"name":"(anonymous_3)","decl":{"start":{"line":24,"column":31},"end":{"line":24,"column":32}},"loc":{"start":{"line":24,"column":40},"end":{"line":48,"column":3}}},"4":{"name":"(anonymous_4)","decl":{"start":{"line":27,"column":27},"end":{"line":27,"column":28}},"loc":{"start":{"line":27,"column":40},"end":{"line":45,"column":5}}},"5":{"name":"(anonymous_5)","decl":{"start":{"line":35,"column":32},"end":{"line":35,"column":33}},"loc":{"start":{"line":35,"column":41},"end":{"line":37,"column":9}}}},"branchMap":{"0":{"loc":{"start":{"line":8,"column":2},"end":{"line":10,"column":3}},"type":"if","locations":[{"start":{"line":8,"column":2},"end":{"line":10,"column":3}}]},"1":{"loc":{"start":{"line":13,"column":2},"end":{"line":13,"column":49}},"type":"if","locations":[{"start":{"line":13,"column":2},"end":{"line":13,"column":49}}]},"2":{"loc":{"start":{"line":14,"column":2},"end":{"line":14,"column":51}},"type":"if","locations":[{"start":{"line":14,"column":2},"end":{"line":14,"column":51}}]},"3":{"loc":{"start":{"line":16,"column":9},"end":{"line":16,"column":73}},"type":"cond-expr","locations":[{"start":{"line":16,"column":19},"end":{"line":16,"column":57}},{"start":{"line":16,"column":60},"end":{"line":16,"column":73}}]},"4":{"loc":{"start":{"line":33,"column":6},"end":{"line":38,"column":7}},"type":"if","locations":[{"start":{"line":33,"column":6},"end":{"line":38,"column":7}}]},"5":{"loc":{"start":{"line":33,"column":10},"end":{"line":33,"column":55}},"type":"binary-expr","locations":[{"start":{"line":33,"column":10},"end":{"line":33,"column":25}},{"start":{"line":33,"column":29},"end":{"line":33,"column":55}}]}},"s":{"0":2,"1":3140,"2":2,"3":1575,"4":1050,"5":525,"6":525,"7":525,"8":525,"9":525,"10":525,"11":2,"12":6,"13":6,"14":6,"15":6,"16":530,"17":530,"18":2090,"19":2090,"20":2090,"21":2090,"22":1050,"23":1050,"24":1575,"25":2090,"26":530,"27":2},"f":{"0":3140,"1":1575,"2":6,"3":530,"4":2090,"5":1575},"b":{"0":[1050],"1":[525],"2":[525],"3":[525,0],"4":[1050],"5":[2090,2090]}}
,"C:\\Users\\Dell\\Desktop\\KPI-COURSEWORK\\ProgressionForge-CLI\\src\\utils\\validators.ts": {"path":"C:\\Users\\Dell\\Desktop\\KPI-COURSEWORK\\ProgressionForge-CLI\\src\\utils\\validators.ts","statementMap":{"0":{"start":{"line":1,"column":38},"end":{"line":8,"column":1}},"1":{"start":{"line":4,"column":2},"end":{"line":6,"column":3}},"2":{"start":{"line":5,"column":4},"end":{"line":5,"column":16}},"3":{"start":{"line":7,"column":2},"end":{"line":7,"column":33}},"4":{"start":{"line":1,"column":13},"end":{"line":1,"column":38}},"5":{"start":{"line":10,"column":38},"end":{"line":17,"column":1}},"6":{"start":{"line":13,"column":2},"end":{"line":15,"column":3}},"7":{"start":{"line":14,"column":4},"end":{"line":14,"column":16}},"8":{"start":{"line":16,"column":2},"end":{"line":16,"column":38}},"9":{"start":{"line":10,"column":13},"end":{"line":10,"column":38}},"10":{"start":{"line":19,"column":39},"end":{"line":26,"column":1}},"11":{"start":{"line":22,"column":2},"end":{"line":24,"column":3}},"12":{"start":{"line":23,"column":4},"end":{"line":23,"column":16}},"13":{"start":{"line":25,"column":2},"end":{"line":25,"column":35}},"14":{"start":{"line":19,"column":13},"end":{"line":19,"column":39}},"15":{"start":{"line":28,"column":29},"end":{"line":34,"column":1}},"16":{"start":{"line":29,"column":14},"end":{"line":29,"column":31}},"17":{"start":{"line":30,"column":2},"end":{"line":32,"column":3}},"18":{"start":{"line":31,"column":4},"end":{"line":31,"column":16}},"19":{"start":{"line":33,"column":2},"end":{"line":33,"column":38}},"20":{"start":{"line":28,"column":13},"end":{"line":28,"column":29}},"21":{"start":{"line":36,"column":32},"end":{"line":43,"column":1}},"22":{"start":{"line":39,"column":2},"end":{"line":41,"column":3}},"23":{"start":{"line":40,"column":4},"end":{"line":40,"column":16}},"24":{"start":{"line":42,"column":2},"end":{"line":42,"column":45}},"25":{"start":{"line":36,"column":13},"end":{"line":36,"column":32}}},"fnMap":{"0":{"name":"(anonymous_0)","decl":{"start":{"line":1,"column":38},"end":{"line":1,"column":null}},"loc":{"start":{"line":3,"column":22},"end":{"line":8,"column":1}}},"1":{"name":"(anonymous_1)","decl":{"start":{"line":10,"column":38},"end":{"line":10,"column":null}},"loc":{"start":{"line":12,"column":22},"end":{"line":17,"column":1}}},"2":{"name":"(anonymous_2)","decl":{"start":{"line":19,"column":39},"end":{"line":19,"column":null}},"loc":{"start":{"line":21,"column":22},"end":{"line":26,"column":1}}},"3":{"name":"(anonymous_3)","decl":{"start":{"line":28,"column":29},"end":{"line":28,"column":30}},"loc":{"start":{"line":28,"column":65},"end":{"line":34,"column":1}}},"4":{"name":"(anonymous_4)","decl":{"start":{"line":36,"column":32},"end":{"line":36,"column":null}},"loc":{"start":{"line":38,"column":22},"end":{"line":43,"column":1}}}},"branchMap":{"0":{"loc":{"start":{"line":4,"column":2},"end":{"line":6,"column":3}},"type":"if","locations":[{"start":{"line":4,"column":2},"end":{"line":6,"column":3}}]},"1":{"loc":{"start":{"line":4,"column":6},"end":{"line":4,"column":38}},"type":"binary-expr","locations":[{"start":{"line":4,"column":6},"end":{"line":4,"column":11}},{"start":{"line":4,"column":15},"end":{"line":4,"column":38}}]},"2":{"loc":{"start":{"line":13,"column":2},"end":{"line":15,"column":3}},"type":"if","locations":[{"start":{"line":13,"column":2},"end":{"line":15,"column":3}}]},"3":{"loc":{"start":{"line":13,"column":6},"end":{"line":13,"column":38}},"type":"binary-expr","locations":[{"start":{"line":13,"column":6},"end":{"line":13,"column":25}},{"start":{"line":13,"column":29},"end":{"line":13,"column":38}}]},"4":{"loc":{"start":{"line":22,"column":2},"end":{"line":24,"column":3}},"type":"if","locations":[{"start":{"line":22,"column":2},"end":{"line":24,"column":3}}]},"5":{"loc":{"start":{"line":22,"column":6},"end":{"line":22,"column":65}},"type":"binary-expr","locations":[{"start":{"line":22,"column":6},"end":{"line":22,"column":25}},{"start":{"line":22,"column":29},"end":{"line":22,"column":52}},{"start":{"line":22,"column":56},"end":{"line":22,"column":65}}]},"6":{"loc":{"start":{"line":30,"column":2},"end":{"line":32,"column":3}},"type":"if","locations":[{"start":{"line":30,"column":2},"end":{"line":32,"column":3}}]},"7":{"loc":{"start":{"line":30,"column":6},"end":{"line":30,"column":28}},"type":"binary-expr","locations":[{"start":{"line":30,"column":6},"end":{"line":30,"column":17}},{"start":{"line":30,"column":21},"end":{"line":30,"column":28}}]},"8":{"loc":{"start":{"line":39,"column":2},"end":{"line":41,"column":3}},"type":"if","locations":[{"start":{"line":39,"column":2},"end":{"line":41,"column":3}}]},"9":{"loc":{"start":{"line":39,"column":6},"end":{"line":39,"column":39}},"type":"binary-expr","locations":[{"start":{"line":39,"column":6},"end":{"line":39,"column":25}},{"start":{"line":39,"column":29},"end":{"line":39,"column":39}}]}},"s":{"0":4,"1":4,"2":1,"3":3,"4":4,"5":4,"6":5,"7":2,"8":3,"9":4,"10":4,"11":3,"12":1,"13":2,"14":4,"15":4,"16":4,"17":4,"18":2,"19":2,"20":4,"21":4,"22":3,"23":2,"24":1,"25":4},"f":{"0":4,"1":5,"2":3,"3":4,"4":3},"b":{"0":[1],"1":[4,2],"2":[2],"3":[5,4],"4":[1],"5":[3,3,2],"6":[2],"7":[4,3],"8":[2],"9":[3,3]}}
,"C:\\Users\\Dell\\Desktop\\KPI-COURSEWORK\\ProgressionForge-CLI\\tests\\e2e\\helpers\\cliHelpers.ts": {"path":"C:\\Users\\Dell\\Desktop\\KPI-COURSEWORK\\ProgressionForge-CLI\\tests\\e2e\\helpers\\cliHelpers.ts","statementMap":{"0":{"start":{"line":18,"column":0},"end":{"line":18,"column":16}},"1":{"start":{"line":1,"column":0},"end":{"line":1,"column":38}},"2":{"start":{"line":2,"column":0},"end":{"line":2,"column":24}},"3":{"start":{"line":11,"column":13},"end":{"line":16,"column":2}},"4":{"start":{"line":23,"column":2},"end":{"line":87,"column":5}},"5":{"start":{"line":25,"column":20},"end":{"line":25,"column":69}},"6":{"start":{"line":27,"column":18},"end":{"line":31,"column":6}},"7":{"start":{"line":33,"column":17},"end":{"line":33,"column":19}},"8":{"start":{"line":34,"column":17},"end":{"line":34,"column":19}},"9":{"start":{"line":35,"column":30},"end":{"line":35,"column":34}},"10":{"start":{"line":37,"column":4},"end":{"line":39,"column":7}},"11":{"start":{"line":38,"column":6},"end":{"line":38,"column":32}},"12":{"start":{"line":41,"column":4},"end":{"line":43,"column":7}},"13":{"start":{"line":42,"column":6},"end":{"line":42,"column":32}},"14":{"start":{"line":45,"column":4},"end":{"line":47,"column":7}},"15":{"start":{"line":46,"column":6},"end":{"line":46,"column":18}},"16":{"start":{"line":49,"column":23},"end":{"line":75,"column":5}},"17":{"start":{"line":51,"column":6},"end":{"line":51,"column":52}},"18":{"start":{"line":51,"column":31},"end":{"line":51,"column":50}},"19":{"start":{"line":53,"column":6},"end":{"line":68,"column":7}},"20":{"start":{"line":54,"column":8},"end":{"line":65,"column":9}},"21":{"start":{"line":55,"column":10},"end":{"line":64,"column":11}},"22":{"start":{"line":60,"column":12},"end":{"line":60,"column":37}},"23":{"start":{"line":63,"column":12},"end":{"line":63,"column":55}},"24":{"start":{"line":67,"column":8},"end":{"line":67,"column":54}},"25":{"start":{"line":67,"column":33},"end":{"line":67,"column":52}},"26":{"start":{"line":71,"column":6},"end":{"line":71,"column":52}},"27":{"start":{"line":71,"column":31},"end":{"line":71,"column":50}},"28":{"start":{"line":72,"column":6},"end":{"line":74,"column":7}},"29":{"start":{"line":73,"column":8},"end":{"line":73,"column":26}},"30":{"start":{"line":77,"column":4},"end":{"line":77,"column":17}},"31":{"start":{"line":79,"column":4},"end":{"line":86,"column":7}},"32":{"start":{"line":80,"column":6},"end":{"line":85,"column":9}}},"fnMap":{"0":{"name":"runCLI","decl":{"start":{"line":18,"column":16},"end":{"line":18,"column":22}},"loc":{"start":{"line":21,"column":29},"end":{"line":88,"column":1}}},"1":{"name":"(anonymous_2)","decl":{"start":{"line":23,"column":21},"end":{"line":23,"column":22}},"loc":{"start":{"line":23,"column":33},"end":{"line":87,"column":3}}},"2":{"name":"(anonymous_3)","decl":{"start":{"line":37,"column":28},"end":{"line":37,"column":29}},"loc":{"start":{"line":37,"column":37},"end":{"line":39,"column":5}}},"3":{"name":"(anonymous_4)","decl":{"start":{"line":41,"column":28},"end":{"line":41,"column":29}},"loc":{"start":{"line":41,"column":37},"end":{"line":43,"column":5}}},"4":{"name":"(anonymous_5)","decl":{"start":{"line":45,"column":22},"end":{"line":45,"column":23}},"loc":{"start":{"line":45,"column":30},"end":{"line":47,"column":5}}},"5":{"name":"(anonymous_6)","decl":{"start":{"line":49,"column":23},"end":{"line":49,"column":28}},"loc":{"start":{"line":49,"column":34},"end":{"line":75,"column":5}}},"6":{"name":"(anonymous_7)","decl":{"start":{"line":51,"column":24},"end":{"line":51,"column":25}},"loc":{"start":{"line":51,"column":31},"end":{"line":51,"column":50}}},"7":{"name":"(anonymous_8)","decl":{"start":{"line":67,"column":26},"end":{"line":67,"column":27}},"loc":{"start":{"line":67,"column":33},"end":{"line":67,"column":52}}},"8":{"name":"(anonymous_9)","decl":{"start":{"line":71,"column":24},"end":{"line":71,"column":25}},"loc":{"start":{"line":71,"column":31},"end":{"line":71,"column":50}}},"9":{"name":"(anonymous_10)","decl":{"start":{"line":79,"column":22},"end":{"line":79,"column":23}},"loc":{"start":{"line":79,"column":31},"end":{"line":86,"column":5}}}},"branchMap":{"0":{"loc":{"start":{"line":20,"column":2},"end":{"line":20,"column":23}},"type":"default-arg","locations":[{"start":{"line":20,"column":21},"end":{"line":20,"column":23}}]},"1":{"loc":{"start":{"line":21,"column":2},"end":{"line":21,"column":29}},"type":"default-arg","locations":[{"start":{"line":21,"column":16},"end":{"line":21,"column":29}}]},"2":{"loc":{"start":{"line":54,"column":8},"end":{"line":65,"column":9}},"type":"if","locations":[{"start":{"line":54,"column":8},"end":{"line":65,"column":9}}]},"3":{"loc":{"start":{"line":54,"column":12},"end":{"line":54,"column":40}},"type":"binary-expr","locations":[{"start":{"line":54,"column":12},"end":{"line":54,"column":23}},{"start":{"line":54,"column":27},"end":{"line":54,"column":40}}]},"4":{"loc":{"start":{"line":55,"column":10},"end":{"line":64,"column":11}},"type":"if","locations":[{"start":{"line":55,"column":10},"end":{"line":64,"column":11}},{"start":{"line":61,"column":17},"end":{"line":64,"column":11}}]},"5":{"loc":{"start":{"line":56,"column":12},"end":{"line":58,"column":37}},"type":"binary-expr","locations":[{"start":{"line":56,"column":12},"end":{"line":56,"column":36}},{"start":{"line":57,"column":12},"end":{"line":57,"column":34}},{"start":{"line":58,"column":12},"end":{"line":58,"column":37}}]},"6":{"loc":{"start":{"line":72,"column":6},"end":{"line":74,"column":7}},"type":"if","locations":[{"start":{"line":72,"column":6},"end":{"line":74,"column":7}}]},"7":{"loc":{"start":{"line":81,"column":14},"end":{"line":81,"column":23}},"type":"binary-expr","locations":[{"start":{"line":81,"column":14},"end":{"line":81,"column":18}},{"start":{"line":81,"column":22},"end":{"line":81,"column":23}}]}},"s":{"0":2,"1":2,"2":2,"3":2,"4":7,"5":7,"6":7,"7":7,"8":7,"9":7,"10":7,"11":146,"12":7,"13":8,"14":7,"15":0,"16":7,"17":7,"18":7,"19":1,"20":16,"21":16,"22":5,"23":11,"24":16,"25":16,"26":1,"27":1,"28":0,"29":0,"30":7,"31":7,"32":7},"f":{"0":7,"1":7,"2":146,"3":8,"4":0,"5":7,"6":7,"7":16,"8":1,"9":7},"b":{"0":[0],"1":[0],"2":[16],"3":[16,16],"4":[5,11],"5":[16,16,16],"6":[0],"7":[7,0]}}
}
