TN:
SF:src\commands\edit.ts
FN:12,(anonymous_1)
FN:106,(anonymous_2)
FN:113,(anonymous_3)
FN:115,(anonymous_4)
FN:138,(anonymous_5)
FN:156,(anonymous_6)
FN:163,(anonymous_7)
FNF:7
FNH:7
FNDA:1,(anonymous_1)
FNDA:3,(anonymous_2)
FNDA:12,(anonymous_3)
FNDA:12,(anonymous_4)
FNDA:1,(anonymous_5)
FNDA:2,(anonymous_6)
FNDA:6,(anonymous_7)
DA:1,1
DA:2,1
DA:4,1
DA:5,1
DA:12,1
DA:15,1
DA:16,1
DA:18,1
DA:19,3
DA:34,3
DA:36,0
DA:45,0
DA:46,0
DA:49,0
DA:58,0
DA:59,0
DA:62,1
DA:78,1
DA:79,1
DA:80,1
DA:83,1
DA:93,1
DA:94,1
DA:97,1
DA:98,1
DA:103,1
DA:106,1
DA:107,3
DA:109,3
DA:110,6
DA:113,12
DA:115,12
DA:120,6
DA:130,6
DA:131,1
DA:132,1
DA:133,1
DA:134,5
DA:135,3
DA:136,2
DA:137,1
DA:138,1
DA:139,1
DA:140,1
DA:144,1
DA:145,1
DA:146,1
DA:155,1
DA:156,2
DA:157,1
DA:163,1
DA:164,6
DA:165,6
DA:166,1
DA:167,1
DA:170,5
DA:171,5
DA:173,5
DA:175,5
DA:176,10
DA:190,10
DA:192,2
DA:209,2
DA:210,2
DA:211,2
DA:212,2
DA:216,3
DA:217,3
DA:221,4
DA:222,4
DA:223,4
DA:224,4
DA:228,1
DA:236,1
DA:237,1
DA:239,1
DA:244,0
LF:77
LH:70
BRDA:34,0,0,0
BRDA:34,0,1,0
BRDA:34,0,2,1
BRDA:34,0,3,1
BRDA:34,0,4,1
BRDA:130,1,0,1
BRDA:130,1,1,5
BRDA:134,2,0,3
BRDA:134,2,1,2
BRDA:136,3,0,1
BRDA:136,3,1,1
BRDA:139,4,0,1
BRDA:144,5,0,1
BRDA:155,6,0,1
BRDA:165,7,0,1
BRDA:190,8,0,2
BRDA:190,8,1,3
BRDA:190,8,2,4
BRDA:190,8,3,1
BRDA:236,9,0,1
BRF:20
BRH:18
end_of_record
TN:
SF:src\commands\new.ts
FN:24,(anonymous_1)
FN:84,(anonymous_2)
FN:103,(anonymous_3)
FN:195,(anonymous_4)
FN:268,(anonymous_5)
FN:358,(anonymous_6)
FNF:6
FNH:6
FNDA:2,(anonymous_1)
FNDA:1,(anonymous_2)
FNDA:4,(anonymous_3)
FNDA:4,(anonymous_4)
FNDA:4,(anonymous_5)
FNDA:4,(anonymous_6)
DA:1,2
DA:2,2
DA:4,2
DA:14,2
DA:16,2
DA:24,2
DA:25,2
DA:37,2
DA:38,1
DA:53,1
DA:56,1
DA:77,1
DA:78,1
DA:79,1
DA:81,1
DA:84,2
DA:85,1
DA:86,1
DA:87,1
DA:88,2
DA:89,2
DA:90,2
DA:98,2
DA:100,1
DA:103,2
DA:106,4
DA:107,2
DA:118,2
DA:119,1
DA:138,1
DA:139,1
DA:165,0
DA:166,0
DA:192,0
DA:195,2
DA:199,4
DA:200,3
DA:214,3
DA:215,1
DA:218,2
DA:219,2
DA:222,1
DA:239,1
DA:253,1
DA:254,0
DA:257,1
DA:258,1
DA:259,1
DA:261,0
DA:265,0
DA:268,2
DA:271,4
DA:307,4
DA:308,3
DA:318,3
DA:319,3
DA:321,1
DA:331,1
DA:332,1
DA:335,4
DA:339,4
DA:344,4
DA:346,4
DA:358,2
DA:359,4
DA:360,4
DA:361,1
DA:362,1
DA:365,3
DA:381,3
DA:382,3
DA:384,3
DA:385,4
DA:388,4
DA:390,4
DA:398,4
DA:401,3
DA:408,3
DA:410,3
DA:411,3
DA:415,0
DA:416,0
DA:418,0
LF:83
LH:74
BRDA:37,0,0,1
BRDA:78,1,0,1
BRDA:79,2,0,1
BRDA:106,3,0,2
BRDA:118,4,0,1
BRDA:138,5,0,1
BRDA:165,6,0,0
BRDA:199,7,0,3
BRDA:199,7,1,1
BRDA:214,8,0,1
BRDA:218,9,0,2
BRDA:253,10,0,0
BRDA:257,11,0,1
BRDA:258,12,0,1
BRDA:258,12,1,0
BRDA:307,13,0,3
BRDA:307,13,1,1
BRDA:360,14,0,1
BRDA:415,15,0,0
BRDA:415,15,1,0
BRDA:415,16,0,0
BRDA:415,16,1,0
BRDA:415,16,2,0
BRF:23
BRH:15
end_of_record
TN:
SF:src\core\planGenerator.ts
FN:11,(anonymous_0)
FNF:1
FNH:1
FNDA:1105,(anonymous_0)
DA:8,2
DA:9,2
DA:11,2
DA:12,1105
DA:18,1105
DA:19,13738
DA:21,13738
DA:23,42898
DA:27,42898
DA:29,42898
DA:36,42898
DA:38,42898
DA:40,42898
DA:42,42898
DA:48,42898
DA:55,42898
DA:58,13738
DA:64,1105
LF:18
LH:18
BRDA:23,0,0,524
BRDA:23,0,1,42374
BRF:2
BRH:2
end_of_record
TN:
SF:src\core\warmupGenerator.ts
FN:4,(anonymous_0)
FN:21,(anonymous_1)
FN:36,(anonymous_2)
FNF:3
FNH:3
FNDA:7,(anonymous_0)
FNDA:4,(anonymous_1)
FNDA:3,(anonymous_2)
DA:2,3
DA:4,3
DA:5,7
DA:6,7
DA:7,7
DA:8,7
DA:9,7
DA:10,7
DA:11,21
DA:15,21
DA:16,21
DA:18,7
DA:21,3
DA:22,4
DA:36,3
DA:37,3
DA:51,3
DA:54,3
LF:18
LH:18
BRF:0
BRH:0
end_of_record
TN:
SF:src\models\schema.ts
FNF:0
FNH:0
DA:1,4
DA:2,4
DA:4,4
DA:6,4
DA:19,4
DA:30,4
LF:6
LH:6
BRF:0
BRH:0
end_of_record
TN:
SF:src\progressions\block.ts
FN:15,(anonymous_0)
FNF:1
FNH:1
FNDA:13781,(anonymous_0)
DA:1,9
DA:15,9
DA:16,13781
DA:18,13781
DA:19,13781
DA:20,13781
DA:21,13781
DA:22,13781
DA:23,13781
DA:24,13781
DA:25,13781
DA:26,429852
DA:27,429852
DA:28,47171
DA:29,47171
DA:30,382681
DA:31,46622
DA:32,46622
DA:35,429852
DA:36,188483
DA:38,241369
DA:40,429852
DA:42,13781
LF:23
LH:23
BRDA:27,0,0,47171
BRDA:27,0,1,382681
BRDA:27,1,0,429852
BRDA:27,1,1,93793
BRDA:30,2,0,46622
BRDA:35,3,0,188483
BRDA:35,3,1,241369
BRF:7
BRH:7
end_of_record
TN:
SF:src\progressions\index.ts
FNF:0
FNH:0
DA:1,8
DA:2,8
DA:3,8
DA:4,8
DA:27,8
DA:40,8
LF:6
LH:6
BRF:0
BRH:0
end_of_record
TN:
SF:src\progressions\linear.ts
FN:1,(anonymous_0)
FNF:1
FNH:1
FNDA:15034,(anonymous_0)
DA:1,9
DA:2,15034
DA:3,15034
DA:4,15034
DA:5,15034
DA:6,15034
DA:7,15034
DA:8,445792
DA:9,445792
DA:11,15034
LF:10
LH:10
BRF:0
BRH:0
end_of_record
TN:
SF:src\progressions\percentage.ts
FN:14,(anonymous_0)
FNF:1
FNH:1
FNDA:631,(anonymous_0)
DA:1,9
DA:14,9
DA:15,631
DA:16,631
DA:18,631
DA:20,631
DA:21,271450
DA:22,271450
DA:23,271450
DA:24,271450
DA:27,631
LF:11
LH:11
BRF:0
BRH:0
end_of_record
TN:
SF:src\progressions\wave.ts
FN:15,(anonymous_0)
FNF:1
FNH:1
FNDA:13834,(anonymous_0)
DA:1,9
DA:15,9
DA:16,13834
DA:17,13834
DA:18,13834
DA:19,13834
DA:20,13834
DA:21,13834
DA:22,13834
DA:23,13834
DA:24,430924
DA:25,430924
DA:26,323109
DA:27,323109
DA:29,107815
DA:30,107815
DA:33,13834
LF:17
LH:17
BRDA:25,0,0,323109
BRDA:25,0,1,107815
BRF:2
BRH:2
end_of_record
TN:
SF:src\storage\storageManager.ts
FN:12,(anonymous_1)
FN:27,(anonymous_2)
FN:51,(anonymous_3)
FN:55,(anonymous_4)
FN:56,(anonymous_5)
FN:67,(anonymous_6)
FN:83,(anonymous_7)
FNF:7
FNH:7
FNDA:1,(anonymous_1)
FNDA:4,(anonymous_2)
FNDA:4,(anonymous_3)
FNDA:6,(anonymous_4)
FNDA:3,(anonymous_5)
FNDA:2,(anonymous_6)
FNDA:2,(anonymous_7)
DA:1,3
DA:2,3
DA:4,3
DA:6,3
DA:12,3
DA:16,1
DA:17,1
DA:18,1
DA:19,1
DA:20,1
DA:22,0
DA:23,0
DA:27,3
DA:28,4
DA:30,4
DA:31,4
DA:32,3
DA:34,2
DA:35,2
DA:36,1
DA:38,1
DA:39,1
DA:42,2
DA:43,2
DA:44,1
DA:48,1
DA:51,3
DA:52,4
DA:53,4
DA:54,3
DA:55,6
DA:56,3
DA:58,1
DA:59,1
DA:60,1
DA:62,0
DA:63,0
DA:67,3
DA:68,2
DA:69,2
DA:70,2
DA:72,1
DA:73,1
DA:74,1
DA:76,0
DA:77,0
DA:83,3
DA:84,2
DA:85,2
DA:86,2
DA:87,1
DA:89,1
LF:52
LH:46
BRDA:35,0,0,1
BRDA:43,1,0,1
BRDA:59,2,0,1
BRDA:73,3,0,1
BRF:4
BRH:4
end_of_record
TN:
SF:src\utils\math.ts
FN:1,(anonymous_0)
FNF:1
FNH:1
FNDA:1175245,(anonymous_0)
DA:1,12
DA:2,1175245
LF:2
LH:2
BRF:0
BRH:0
end_of_record
TN:
SF:src\utils\printer.ts
FN:3,(anonymous_0)
FN:7,(anonymous_1)
FN:19,(anonymous_2)
FN:24,(anonymous_3)
FN:27,(anonymous_4)
FN:35,(anonymous_5)
FNF:6
FNH:6
FNDA:3140,(anonymous_0)
FNDA:1575,(anonymous_1)
FNDA:6,(anonymous_2)
FNDA:530,(anonymous_3)
FNDA:2090,(anonymous_4)
FNDA:1575,(anonymous_5)
DA:3,2
DA:4,3140
DA:7,2
DA:8,1575
DA:9,1050
DA:12,525
DA:13,525
DA:14,525
DA:16,525
DA:19,2
DA:20,6
DA:21,6
DA:22,6
DA:24,6
DA:25,530
DA:27,530
DA:28,2090
DA:29,2090
DA:31,2090
DA:33,2090
DA:34,1050
DA:35,1050
DA:36,1575
DA:40,2090
DA:47,530
LF:25
LH:25
BRDA:8,0,0,1050
BRDA:13,1,0,525
BRDA:14,2,0,525
BRDA:16,3,0,525
BRDA:16,3,1,0
BRDA:33,4,0,1050
BRDA:33,5,0,2090
BRDA:33,5,1,2090
BRF:8
BRH:7
end_of_record
TN:
SF:src\utils\validators.ts
FN:1,(anonymous_0)
FN:10,(anonymous_1)
FN:19,(anonymous_2)
FN:28,(anonymous_3)
FN:36,(anonymous_4)
FNF:5
FNH:5
FNDA:4,(anonymous_0)
FNDA:5,(anonymous_1)
FNDA:3,(anonymous_2)
FNDA:4,(anonymous_3)
FNDA:3,(anonymous_4)
DA:1,4
DA:4,4
DA:5,1
DA:7,3
DA:10,4
DA:13,5
DA:14,2
DA:16,3
DA:19,4
DA:22,3
DA:23,1
DA:25,2
DA:28,4
DA:29,4
DA:30,4
DA:31,2
DA:33,2
DA:36,4
DA:39,3
DA:40,2
DA:42,1
LF:21
LH:21
BRDA:4,0,0,1
BRDA:4,1,0,4
BRDA:4,1,1,2
BRDA:13,2,0,2
BRDA:13,3,0,5
BRDA:13,3,1,4
BRDA:22,4,0,1
BRDA:22,5,0,3
BRDA:22,5,1,3
BRDA:22,5,2,2
BRDA:30,6,0,2
BRDA:30,7,0,4
BRDA:30,7,1,3
BRDA:39,8,0,2
BRDA:39,9,0,3
BRDA:39,9,1,3
BRF:16
BRH:16
end_of_record
TN:
SF:tests\e2e\helpers\cliHelpers.ts
FN:18,runCLI
FN:23,(anonymous_2)
FN:37,(anonymous_3)
FN:41,(anonymous_4)
FN:45,(anonymous_5)
FN:49,(anonymous_6)
FN:51,(anonymous_7)
FN:67,(anonymous_8)
FN:71,(anonymous_9)
FN:79,(anonymous_10)
FNF:10
FNH:9
FNDA:7,runCLI
FNDA:7,(anonymous_2)
FNDA:146,(anonymous_3)
FNDA:8,(anonymous_4)
FNDA:0,(anonymous_5)
FNDA:7,(anonymous_6)
FNDA:7,(anonymous_7)
FNDA:16,(anonymous_8)
FNDA:1,(anonymous_9)
FNDA:7,(anonymous_10)
DA:1,2
DA:2,2
DA:11,2
DA:18,2
DA:23,7
DA:25,7
DA:27,7
DA:33,7
DA:34,7
DA:35,7
DA:37,7
DA:38,146
DA:41,7
DA:42,8
DA:45,7
DA:46,0
DA:49,7
DA:51,7
DA:53,1
DA:54,16
DA:55,16
DA:60,5
DA:63,11
DA:67,16
DA:71,1
DA:72,0
DA:73,0
DA:77,7
DA:79,7
DA:80,7
LF:30
LH:27
BRDA:20,0,0,0
BRDA:21,1,0,0
BRDA:54,2,0,16
BRDA:54,3,0,16
BRDA:54,3,1,16
BRDA:55,4,0,5
BRDA:55,4,1,11
BRDA:56,5,0,16
BRDA:56,5,1,16
BRDA:56,5,2,16
BRDA:72,6,0,0
BRDA:81,7,0,7
BRDA:81,7,1,0
BRF:13
BRH:9
end_of_record
