TN:
SF:src\index.ts
FN:9,(anonymous_0)
FN:68,(anonymous_1)
FNF:2
FNH:2
FNDA:13,(anonymous_0)
FNDA:2,(anonymous_1)
DA:2,1
DA:3,1
DA:4,1
DA:5,1
DA:6,1
DA:7,1
DA:9,1
DA:10,13
DA:11,13
DA:12,13
DA:14,13
DA:16,2
DA:17,1
DA:19,1
DA:20,1
DA:21,1
DA:23,1
DA:27,4
DA:28,1
DA:29,1
DA:30,1
DA:35,3
DA:36,3
DA:37,2
DA:39,1
DA:42,1
DA:45,2
DA:47,2
DA:48,1
DA:51,1
DA:52,1
DA:55,1
DA:56,1
DA:57,1
DA:58,1
DA:62,2
DA:63,2
DA:64,2
DA:65,1
DA:67,1
DA:68,2
DA:71,0
DA:75,0
DA:77,2
DA:81,2
DA:82,0
DA:83,0
DA:84,0
DA:86,2
DA:87,2
DA:88,1
DA:90,1
DA:94,1
DA:96,1
DA:100,2
DA:101,1
DA:103,1
DA:104,1
DA:105,1
DA:107,1
DA:111,1
DA:112,1
DA:113,1
DA:114,1
DA:117,1
DA:118,1
DA:119,1
DA:120,1
DA:124,1
DA:125,0
LF:70
LH:64
BRDA:14,0,0,2
BRDA:14,0,1,4
BRDA:14,0,2,2
BRDA:14,0,3,2
BRDA:14,0,4,2
BRDA:14,0,5,1
BRDA:16,1,0,1
BRDA:16,1,1,1
BRDA:27,2,0,1
BRDA:40,3,0,1
BRDA:40,3,1,0
BRDA:47,4,0,1
BRDA:64,5,0,1
BRDA:64,5,1,1
BRDA:73,6,0,0
BRDA:73,6,1,0
BRDA:81,7,0,0
BRDA:92,8,0,1
BRDA:92,8,1,0
BRDA:100,9,0,1
BRDA:100,9,1,1
BRDA:124,10,0,0
BRF:22
BRH:16
end_of_record
TN:
SF:src\commands\edit.ts
FN:12,(anonymous_1)
FN:106,(anonymous_2)
FN:113,(anonymous_3)
FN:115,(anonymous_4)
FN:138,(anonymous_5)
FN:156,(anonymous_6)
FN:163,(anonymous_7)
FNF:7
FNH:7
FNDA:1,(anonymous_1)
FNDA:3,(anonymous_2)
FNDA:12,(anonymous_3)
FNDA:12,(anonymous_4)
FNDA:1,(anonymous_5)
FNDA:2,(anonymous_6)
FNDA:6,(anonymous_7)
DA:1,2
DA:2,2
DA:4,2
DA:5,2
DA:12,2
DA:15,1
DA:16,1
DA:18,1
DA:19,3
DA:34,3
DA:36,0
DA:45,0
DA:46,0
DA:49,0
DA:58,0
DA:59,0
DA:62,1
DA:78,1
DA:79,1
DA:80,1
DA:83,1
DA:93,1
DA:94,1
DA:97,1
DA:98,1
DA:103,1
DA:106,2
DA:107,3
DA:109,3
DA:110,6
DA:113,12
DA:115,12
DA:120,6
DA:130,6
DA:131,1
DA:132,1
DA:133,1
DA:134,5
DA:135,3
DA:136,2
DA:137,1
DA:138,1
DA:139,1
DA:140,1
DA:144,1
DA:145,1
DA:146,1
DA:155,1
DA:156,2
DA:157,1
DA:163,2
DA:164,6
DA:165,6
DA:166,1
DA:167,1
DA:170,5
DA:171,5
DA:173,5
DA:175,5
DA:176,10
DA:190,10
DA:192,2
DA:209,2
DA:210,2
DA:211,2
DA:212,2
DA:216,3
DA:217,3
DA:221,4
DA:222,4
DA:223,4
DA:224,4
DA:228,1
DA:236,1
DA:237,1
DA:239,1
DA:244,0
LF:77
LH:70
BRDA:34,0,0,0
BRDA:34,0,1,0
BRDA:34,0,2,1
BRDA:34,0,3,1
BRDA:34,0,4,1
BRDA:130,1,0,1
BRDA:130,1,1,5
BRDA:134,2,0,3
BRDA:134,2,1,2
BRDA:136,3,0,1
BRDA:136,3,1,1
BRDA:139,4,0,1
BRDA:144,5,0,1
BRDA:155,6,0,1
BRDA:165,7,0,1
BRDA:190,8,0,2
BRDA:190,8,1,3
BRDA:190,8,2,4
BRDA:190,8,3,1
BRDA:236,9,0,1
BRF:20
BRH:18
end_of_record
TN:
SF:src\commands\new.ts
FN:24,(anonymous_1)
FN:84,(anonymous_2)
FN:103,(anonymous_3)
FN:195,(anonymous_4)
FN:268,(anonymous_5)
FN:358,(anonymous_6)
FNF:6
FNH:6
FNDA:2,(anonymous_1)
FNDA:1,(anonymous_2)
FNDA:4,(anonymous_3)
FNDA:4,(anonymous_4)
FNDA:4,(anonymous_5)
FNDA:4,(anonymous_6)
DA:1,3
DA:2,3
DA:4,3
DA:14,3
DA:16,3
DA:24,3
DA:25,2
DA:37,2
DA:38,1
DA:53,1
DA:56,1
DA:77,1
DA:78,1
DA:79,1
DA:81,1
DA:84,3
DA:85,1
DA:86,1
DA:87,1
DA:88,2
DA:89,2
DA:90,2
DA:98,2
DA:100,1
DA:103,3
DA:106,4
DA:107,2
DA:118,2
DA:119,1
DA:138,1
DA:139,1
DA:165,0
DA:166,0
DA:192,0
DA:195,3
DA:199,4
DA:200,3
DA:214,3
DA:215,1
DA:218,2
DA:219,2
DA:222,1
DA:239,1
DA:253,1
DA:254,0
DA:257,1
DA:258,1
DA:259,1
DA:261,0
DA:265,0
DA:268,3
DA:271,4
DA:307,4
DA:308,3
DA:318,3
DA:319,3
DA:321,1
DA:331,1
DA:332,1
DA:335,4
DA:339,4
DA:344,4
DA:346,4
DA:358,3
DA:359,4
DA:360,4
DA:361,1
DA:362,1
DA:365,3
DA:381,3
DA:382,3
DA:384,3
DA:385,4
DA:388,4
DA:390,4
DA:398,4
DA:401,3
DA:408,3
DA:410,3
DA:411,3
DA:415,0
DA:416,0
DA:418,0
LF:83
LH:74
BRDA:37,0,0,1
BRDA:78,1,0,1
BRDA:79,2,0,1
BRDA:106,3,0,2
BRDA:118,4,0,1
BRDA:138,5,0,1
BRDA:165,6,0,0
BRDA:199,7,0,3
BRDA:199,7,1,1
BRDA:214,8,0,1
BRDA:218,9,0,2
BRDA:253,10,0,0
BRDA:257,11,0,1
BRDA:258,12,0,1
BRDA:258,12,1,0
BRDA:307,13,0,3
BRDA:307,13,1,1
BRDA:360,14,0,1
BRDA:415,15,0,0
BRDA:415,15,1,0
BRDA:415,16,0,0
BRDA:415,16,1,0
BRDA:415,16,2,0
BRF:23
BRH:15
end_of_record
TN:
SF:src\core\planGenerator.ts
FN:10,(anonymous_0)
FNF:1
FNH:1
FNDA:3,(anonymous_0)
DA:8,2
DA:10,2
DA:11,3
DA:17,3
DA:18,6
DA:20,6
DA:25,18
DA:30,18
DA:32,18
DA:39,18
DA:41,18
DA:43,18
DA:49,18
DA:56,18
DA:59,6
DA:65,3
LF:16
LH:16
BRDA:25,0,0,4
BRDA:25,0,1,14
BRF:2
BRH:2
end_of_record
TN:
SF:src\core\warmupGenerator.ts
FN:4,(anonymous_0)
FN:21,(anonymous_1)
FN:36,(anonymous_2)
FNF:3
FNH:3
FNDA:7,(anonymous_0)
FNDA:4,(anonymous_1)
FNDA:3,(anonymous_2)
DA:2,4
DA:4,4
DA:5,7
DA:6,7
DA:7,7
DA:8,7
DA:9,7
DA:10,7
DA:11,21
DA:15,21
DA:16,21
DA:18,7
DA:21,4
DA:22,4
DA:36,4
DA:37,3
DA:51,4
DA:54,4
LF:18
LH:18
BRF:0
BRH:0
end_of_record
TN:
SF:src\models\schema.ts
FNF:0
FNH:0
DA:1,4
DA:2,4
DA:4,4
DA:6,4
DA:19,4
DA:30,4
LF:6
LH:6
BRF:0
BRH:0
end_of_record
TN:
SF:src\progressions\block.ts
FN:15,(anonymous_0)
FNF:1
FNH:1
FNDA:61,(anonymous_0)
DA:1,10
DA:15,10
DA:16,61
DA:18,61
DA:19,61
DA:20,61
DA:21,61
DA:22,61
DA:23,61
DA:24,61
DA:25,61
DA:26,1052
DA:27,1052
DA:28,160
DA:29,160
DA:30,892
DA:31,129
DA:32,129
DA:35,1052
DA:36,485
DA:38,567
DA:40,1052
DA:42,61
LF:23
LH:23
BRDA:27,0,0,160
BRDA:27,0,1,892
BRDA:27,1,0,1052
BRDA:27,1,1,289
BRDA:30,2,0,129
BRDA:35,3,0,485
BRDA:35,3,1,567
BRF:7
BRH:7
end_of_record
TN:
SF:src\progressions\index.ts
FNF:0
FNH:0
DA:1,9
DA:2,9
DA:3,9
DA:4,9
DA:27,9
DA:40,9
LF:6
LH:6
BRF:0
BRH:0
end_of_record
TN:
SF:src\progressions\linear.ts
FN:1,(anonymous_0)
FNF:1
FNH:1
FNDA:114,(anonymous_0)
DA:1,10
DA:2,114
DA:3,114
DA:4,114
DA:5,114
DA:6,114
DA:7,114
DA:8,2538
DA:9,2538
DA:11,114
LF:10
LH:10
BRF:0
BRH:0
end_of_record
TN:
SF:src\progressions\percentage.ts
FN:14,(anonymous_0)
FNF:1
FNH:1
FNDA:111,(anonymous_0)
DA:1,10
DA:14,10
DA:15,111
DA:16,111
DA:18,111
DA:20,111
DA:21,1026
DA:22,1026
DA:23,1026
DA:24,1026
DA:27,111
LF:11
LH:11
BRF:0
BRH:0
end_of_record
TN:
SF:src\progressions\wave.ts
FN:15,(anonymous_0)
FNF:1
FNH:1
FNDA:114,(anonymous_0)
DA:1,10
DA:15,10
DA:16,114
DA:17,114
DA:18,114
DA:19,114
DA:20,114
DA:21,114
DA:22,114
DA:23,114
DA:24,1964
DA:25,1964
DA:26,1354
DA:27,1354
DA:29,610
DA:30,610
DA:33,114
LF:17
LH:17
BRDA:25,0,0,1354
BRDA:25,0,1,610
BRF:2
BRH:2
end_of_record
TN:
SF:src\storage\storageManager.ts
FN:12,(anonymous_1)
FN:27,(anonymous_2)
FN:51,(anonymous_3)
FN:55,(anonymous_4)
FN:56,(anonymous_5)
FN:67,(anonymous_6)
FN:83,(anonymous_7)
FNF:7
FNH:7
FNDA:1,(anonymous_1)
FNDA:4,(anonymous_2)
FNDA:4,(anonymous_3)
FNDA:6,(anonymous_4)
FNDA:3,(anonymous_5)
FNDA:2,(anonymous_6)
FNDA:2,(anonymous_7)
DA:1,4
DA:2,4
DA:4,4
DA:6,4
DA:12,4
DA:16,1
DA:17,1
DA:18,1
DA:19,1
DA:20,1
DA:22,0
DA:23,0
DA:27,4
DA:28,4
DA:30,4
DA:31,4
DA:32,3
DA:34,2
DA:35,2
DA:36,1
DA:38,1
DA:39,1
DA:42,2
DA:43,2
DA:44,1
DA:48,1
DA:51,4
DA:52,4
DA:53,4
DA:54,3
DA:55,6
DA:56,3
DA:58,1
DA:59,1
DA:60,1
DA:62,0
DA:63,0
DA:67,4
DA:68,2
DA:69,2
DA:70,2
DA:72,1
DA:73,1
DA:74,1
DA:76,0
DA:77,0
DA:83,4
DA:84,2
DA:85,2
DA:86,2
DA:87,1
DA:89,1
LF:52
LH:46
BRDA:35,0,0,1
BRDA:43,1,0,1
BRDA:59,2,0,1
BRDA:73,3,0,1
BRF:4
BRH:4
end_of_record
TN:
SF:src\utils\math.ts
FN:1,(anonymous_0)
FNF:1
FNH:1
FNDA:4163,(anonymous_0)
DA:1,13
DA:2,4163
LF:2
LH:2
BRF:0
BRH:0
end_of_record
TN:
SF:src\utils\printer.ts
FN:3,(anonymous_0)
FN:15,(anonymous_1)
FN:21,(anonymous_2)
FN:24,(anonymous_3)
FN:31,(anonymous_4)
FNF:5
FNH:5
FNDA:5,(anonymous_0)
FNDA:5,(anonymous_1)
FNDA:5,(anonymous_2)
FNDA:5,(anonymous_3)
FNDA:5,(anonymous_4)
DA:3,2
DA:4,5
DA:5,1
DA:8,4
DA:9,4
DA:10,4
DA:12,4
DA:15,2
DA:16,5
DA:17,5
DA:18,5
DA:19,5
DA:21,5
DA:22,5
DA:24,5
DA:25,5
DA:26,5
DA:28,5
DA:30,5
DA:31,4
DA:32,5
LF:21
LH:21
BRDA:4,0,0,1
BRDA:9,1,0,2
BRDA:10,2,0,3
BRDA:30,3,0,4
BRDA:30,4,0,5
BRDA:30,4,1,5
BRF:6
BRH:6
end_of_record
TN:
SF:src\utils\validators.ts
FN:1,(anonymous_0)
FN:10,(anonymous_1)
FN:19,(anonymous_2)
FN:28,(anonymous_3)
FN:36,(anonymous_4)
FNF:5
FNH:5
FNDA:4,(anonymous_0)
FNDA:5,(anonymous_1)
FNDA:3,(anonymous_2)
FNDA:4,(anonymous_3)
FNDA:3,(anonymous_4)
DA:1,6
DA:4,4
DA:5,1
DA:7,3
DA:10,6
DA:13,5
DA:14,2
DA:16,3
DA:19,6
DA:22,3
DA:23,1
DA:25,2
DA:28,6
DA:29,4
DA:30,4
DA:31,2
DA:33,2
DA:36,6
DA:39,3
DA:40,2
DA:42,1
LF:21
LH:21
BRDA:4,0,0,1
BRDA:4,1,0,4
BRDA:4,1,1,2
BRDA:13,2,0,2
BRDA:13,3,0,5
BRDA:13,3,1,4
BRDA:22,4,0,1
BRDA:22,5,0,3
BRDA:22,5,1,3
BRDA:22,5,2,2
BRDA:30,6,0,2
BRDA:30,7,0,4
BRDA:30,7,1,3
BRDA:39,8,0,2
BRDA:39,9,0,3
BRDA:39,9,1,3
BRF:16
BRH:16
end_of_record
